<?xml version="1.0" encoding="utf-8"?><TestRun id="12fa8556-a735-4fe5-a246-6630bc9c1931" name="Gareth.Bradley@WL0717 2018-10-23 21:11:36" runUser="HACHETTE\Gareth.Bradley" xmlns="http://microsoft.com/schemas/VisualStudio/TeamTest/2010"><Times creation="2018-10-23T21:11:36.0729377+01:00" queuing="2018-10-23T21:11:36.0729378+01:00" start="2018-10-23T21:11:30.2593747+01:00" finish="2018-10-23T21:11:36.0933693+01:00" /><TestSettings name="default" id="bfb45d8a-d6b1-4e4b-be96-703fe68ba502"><Deployment runDeploymentRoot="Gareth.Bradley_WL0717_2018-10-23_21_11_36" /></TestSettings><Results><UnitTestResult executionId="8b8c305b-03b7-4052-a6fc-ac637376cd02" testId="78e4865f-1f21-46de-a146-67660e9f86d9" testName="SDK.Tests.BuildQueryStringUnitTests.Should_Create_Timestamp_To_QueryString" computerName="WL0717" duration="00:00:00.0140000" startTime="2018-10-23T21:11:35.9150433+01:00" endTime="2018-10-23T21:11:35.9150438+01:00" testType="13cdc9d9-ddb5-4fa4-a97d-d965ccfc6d4b" outcome="Failed" testListId="8c84fa94-04c1-424b-9868-57a2d4851a1d" relativeResultsDirectory="8b8c305b-03b7-4052-a6fc-ac637376cd02"><Output><ErrorInfo><Message>Assert failed, received ?filterByTimestamp=04/07/2018 09:00:00 +01:00&#xD;
Expected: True&#xD;
Actual:   False</Message><StackTrace>   at SDK.Tests.BuildQueryStringUnitTests.Should_Create_Timestamp_To_QueryString() in c:\code\huk-dotnet-sdk\test\BuildQueryStringUnitTests.cs:line 111</StackTrace></ErrorInfo></Output></UnitTestResult></Results><TestDefinitions><UnitTest name="SDK.Tests.BuildQueryStringUnitTests.Should_Create_Timestamp_To_QueryString" storage="c:\code\huk-dotnet-sdk\test\bin\debug\netcoreapp2.1\hachette.api.sdk.tests.dll" id="78e4865f-1f21-46de-a146-67660e9f86d9"><Execution id="8b8c305b-03b7-4052-a6fc-ac637376cd02" /><TestMethod codeBase="c:\code\huk-dotnet-sdk\test\bin\Debug\netcoreapp2.1\Hachette.API.SDK.Tests.dll" adapterTypeName="executor://xunit/VsTestRunner2/netcoreapp" className="SDK.Tests.BuildQueryStringUnitTests" name="SDK.Tests.BuildQueryStringUnitTests.Should_Create_Timestamp_To_QueryString" /></UnitTest></TestDefinitions><TestEntries><TestEntry testId="78e4865f-1f21-46de-a146-67660e9f86d9" executionId="8b8c305b-03b7-4052-a6fc-ac637376cd02" testListId="8c84fa94-04c1-424b-9868-57a2d4851a1d" /></TestEntries><TestLists><TestList name="Results Not in a List" id="8c84fa94-04c1-424b-9868-57a2d4851a1d" /><TestList name="All Loaded Results" id="19431567-8539-422a-85d7-44ee4e166bda" /></TestLists><ResultSummary outcome="Failed"><Counters total="1" executed="1" passed="0" failed="1" error="0" timeout="0" aborted="0" inconclusive="0" passedButRunAborted="0" notRunnable="0" notExecuted="0" disconnected="0" warning="0" completed="0" inProgress="0" pending="0" /><Output><StdOut>[xUnit.net 00:00:03.2080267]   Discovering: Hachette.API.SDK.Tests[xUnit.net 00:00:03.2974636]   Discovered:  Hachette.API.SDK.Tests[xUnit.net 00:00:03.3146549]   Starting:    Hachette.API.SDK.Tests[xUnit.net 00:00:03.5945200]       Assert failed, received ?filterByTimestamp=04/07/2018 09:00:00 +01:00[xUnit.net 00:00:03.5946236]       Expected: True[xUnit.net 00:00:03.5946590]       Actual:   False[xUnit.net 00:00:03.5956762]       Stack Trace:[xUnit.net 00:00:03.5970070]         c:\code\huk-dotnet-sdk\test\BuildQueryStringUnitTests.cs(111,0): at SDK.Tests.BuildQueryStringUnitTests.Should_Create_Timestamp_To_QueryString()[xUnit.net 00:00:03.6141085]   Finished:    Hachette.API.SDK.Tests</StdOut></Output><RunInfos><RunInfo computerName="WL0717" outcome="Error" timestamp="2018-10-23T21:11:35.9062227+01:00"><Text>[xUnit.net 00:00:03.5930317]     SDK.Tests.BuildQueryStringUnitTests.Should_Create_Timestamp_To_QueryString [FAIL]</Text></RunInfo></RunInfos></ResultSummary></TestRun>