<?xml version="1.0" encoding="utf-8"?><TestRun id="99d8900d-09a3-4722-aa7a-044ab85d1a80" name="Gareth.Bradley@WL0717 2018-11-01 21:00:53" runUser="HACHETTE\Gareth.Bradley" xmlns="http://microsoft.com/schemas/VisualStudio/TeamTest/2010"><Times creation="2018-11-01T21:00:53.7380963+00:00" queuing="2018-11-01T21:00:53.7380964+00:00" start="2018-11-01T21:00:48.9473658+00:00" finish="2018-11-01T21:00:53.7588126+00:00" /><TestSettings name="default" id="3d12cb8f-36f8-4e72-bbeb-2973ec12b694"><Deployment runDeploymentRoot="Gareth.Bradley_WL0717_2018-11-01_21_00_53" /></TestSettings><Results><UnitTestResult executionId="e9e448d1-8115-4242-883b-81ca0a2c11dd" testId="1f9bbcf6-1c72-4b93-b004-99147a91d0ad" testName="Utility.Tests.TrashTests.Should_Throw_Null_On_String" computerName="WL0717" duration="00:00:00.0040000" startTime="2018-11-01T21:00:53.5565311+00:00" endTime="2018-11-01T21:00:53.5565313+00:00" testType="13cdc9d9-ddb5-4fa4-a97d-d965ccfc6d4b" outcome="Passed" testListId="8c84fa94-04c1-424b-9868-57a2d4851a1d" relativeResultsDirectory="e9e448d1-8115-4242-883b-81ca0a2c11dd" /><UnitTestResult executionId="c5c8a924-bed7-465a-bf50-f55765c4f8f8" testId="6b0e36ed-807c-4ec1-a924-9fe922d96c90" testName="Utility.Tests.TrashTests.Should_Not_Throw_InvalidOperation_As_1_Is_Not_Null" computerName="WL0717" duration="00:00:00.0010000" startTime="2018-11-01T21:00:53.5558930+00:00" endTime="2018-11-01T21:00:53.5558934+00:00" testType="13cdc9d9-ddb5-4fa4-a97d-d965ccfc6d4b" outcome="Passed" testListId="8c84fa94-04c1-424b-9868-57a2d4851a1d" relativeResultsDirectory="c5c8a924-bed7-465a-bf50-f55765c4f8f8" /><UnitTestResult executionId="0771bd15-9a55-4f2d-a8f9-2932347a0e14" testId="c2bfed5a-b76e-43b4-bec3-ce875372ec1f" testName="Utility.Tests.TrashTests.Should_Throw_Null_On_CommonParameters" computerName="WL0717" duration="00:00:00.0010000" startTime="2018-11-01T21:00:53.5564288+00:00" endTime="2018-11-01T21:00:53.5564290+00:00" testType="13cdc9d9-ddb5-4fa4-a97d-d965ccfc6d4b" outcome="Passed" testListId="8c84fa94-04c1-424b-9868-57a2d4851a1d" relativeResultsDirectory="0771bd15-9a55-4f2d-a8f9-2932347a0e14" /><UnitTestResult executionId="bcb3d9ee-8149-49fe-b011-b18f4e8a981e" testId="c24595f4-cf74-47ba-8dc8-46d004e8bca8" testName="Utility.Tests.TrashTests.Should_Not_Throw_InvalidOperation_As_None_Are_Null" computerName="WL0717" duration="00:00:00.0010000" startTime="2018-11-01T21:00:53.5561631+00:00" endTime="2018-11-01T21:00:53.5561632+00:00" testType="13cdc9d9-ddb5-4fa4-a97d-d965ccfc6d4b" outcome="Passed" testListId="8c84fa94-04c1-424b-9868-57a2d4851a1d" relativeResultsDirectory="bcb3d9ee-8149-49fe-b011-b18f4e8a981e" /><UnitTestResult executionId="787a121d-c02f-4425-8625-c4f0e1c35b87" testId="17e95170-5cc3-4140-bcf3-9b75e0d1aa61" testName="Utility.Tests.TrashTests.Should_Throw_InvalidOperation_As_All_2_Are_Null" computerName="WL0717" duration="00:00:00.0020000" startTime="2018-11-01T21:00:53.5561145+00:00" endTime="2018-11-01T21:00:53.5561146+00:00" testType="13cdc9d9-ddb5-4fa4-a97d-d965ccfc6d4b" outcome="Passed" testListId="8c84fa94-04c1-424b-9868-57a2d4851a1d" relativeResultsDirectory="787a121d-c02f-4425-8625-c4f0e1c35b87" /><UnitTestResult executionId="cad35ce4-f646-4e71-81a6-b3ae80690138" testId="93d5b048-a680-4c48-a7fa-bcd29f232e95" testName="Utility.Tests.TrashTests.Should_Not_Throw_Null_On_String" computerName="WL0717" duration="00:00:00.0010000" startTime="2018-11-01T21:00:53.5562460+00:00" endTime="2018-11-01T21:00:53.5562462+00:00" testType="13cdc9d9-ddb5-4fa4-a97d-d965ccfc6d4b" outcome="Passed" testListId="8c84fa94-04c1-424b-9868-57a2d4851a1d" relativeResultsDirectory="cad35ce4-f646-4e71-81a6-b3ae80690138" /><UnitTestResult executionId="7e3cff7e-f789-4418-97d7-2c0493f21e29" testId="973e6809-c431-41f4-8264-ff6c04305532" testName="Utility.Tests.TrashTests.Should_Throw_InvalidOperation_As_All_3_Are_Null" computerName="WL0717" duration="00:00:00.0010000" startTime="2018-11-01T21:00:53.5563529+00:00" endTime="2018-11-01T21:00:53.5563531+00:00" testType="13cdc9d9-ddb5-4fa4-a97d-d965ccfc6d4b" outcome="Passed" testListId="8c84fa94-04c1-424b-9868-57a2d4851a1d" relativeResultsDirectory="7e3cff7e-f789-4418-97d7-2c0493f21e29" /><UnitTestResult executionId="3de1d01e-908c-4476-87f9-8b3b52217a32" testId="83109b1d-3ade-42e5-a8ed-94719b9d779f" testName="Utility.Tests.TrashTests.Should_Not_Throw_InvalidOperation_As_2_Is_Not_Null" computerName="WL0717" duration="00:00:00.0150000" startTime="2018-11-01T21:00:53.5418750+00:00" endTime="2018-11-01T21:00:53.5418790+00:00" testType="13cdc9d9-ddb5-4fa4-a97d-d965ccfc6d4b" outcome="Passed" testListId="8c84fa94-04c1-424b-9868-57a2d4851a1d" relativeResultsDirectory="3de1d01e-908c-4476-87f9-8b3b52217a32" /></Results><TestDefinitions><UnitTest name="Utility.Tests.TrashTests.Should_Throw_Null_On_CommonParameters" storage="c:\code\huk-dotnet-sdk\test\bin\debug\netcoreapp2.1\hachette.api.sdk.tests.dll" id="c2bfed5a-b76e-43b4-bec3-ce875372ec1f"><Execution id="0771bd15-9a55-4f2d-a8f9-2932347a0e14" /><TestMethod codeBase="c:\code\huk-dotnet-sdk\test\bin\Debug\netcoreapp2.1\Hachette.API.SDK.Tests.dll" adapterTypeName="executor://xunit/VsTestRunner2/netcoreapp" className="Utility.Tests.TrashTests" name="Utility.Tests.TrashTests.Should_Throw_Null_On_CommonParameters" /></UnitTest><UnitTest name="Utility.Tests.TrashTests.Should_Not_Throw_InvalidOperation_As_2_Is_Not_Null" storage="c:\code\huk-dotnet-sdk\test\bin\debug\netcoreapp2.1\hachette.api.sdk.tests.dll" id="83109b1d-3ade-42e5-a8ed-94719b9d779f"><Execution id="3de1d01e-908c-4476-87f9-8b3b52217a32" /><TestMethod codeBase="c:\code\huk-dotnet-sdk\test\bin\Debug\netcoreapp2.1\Hachette.API.SDK.Tests.dll" adapterTypeName="executor://xunit/VsTestRunner2/netcoreapp" className="Utility.Tests.TrashTests" name="Utility.Tests.TrashTests.Should_Not_Throw_InvalidOperation_As_2_Is_Not_Null" /></UnitTest><UnitTest name="Utility.Tests.TrashTests.Should_Throw_InvalidOperation_As_All_3_Are_Null" storage="c:\code\huk-dotnet-sdk\test\bin\debug\netcoreapp2.1\hachette.api.sdk.tests.dll" id="973e6809-c431-41f4-8264-ff6c04305532"><Execution id="7e3cff7e-f789-4418-97d7-2c0493f21e29" /><TestMethod codeBase="c:\code\huk-dotnet-sdk\test\bin\Debug\netcoreapp2.1\Hachette.API.SDK.Tests.dll" adapterTypeName="executor://xunit/VsTestRunner2/netcoreapp" className="Utility.Tests.TrashTests" name="Utility.Tests.TrashTests.Should_Throw_InvalidOperation_As_All_3_Are_Null" /></UnitTest><UnitTest name="Utility.Tests.TrashTests.Should_Not_Throw_Null_On_String" storage="c:\code\huk-dotnet-sdk\test\bin\debug\netcoreapp2.1\hachette.api.sdk.tests.dll" id="93d5b048-a680-4c48-a7fa-bcd29f232e95"><Execution id="cad35ce4-f646-4e71-81a6-b3ae80690138" /><TestMethod codeBase="c:\code\huk-dotnet-sdk\test\bin\Debug\netcoreapp2.1\Hachette.API.SDK.Tests.dll" adapterTypeName="executor://xunit/VsTestRunner2/netcoreapp" className="Utility.Tests.TrashTests" name="Utility.Tests.TrashTests.Should_Not_Throw_Null_On_String" /></UnitTest><UnitTest name="Utility.Tests.TrashTests.Should_Not_Throw_InvalidOperation_As_1_Is_Not_Null" storage="c:\code\huk-dotnet-sdk\test\bin\debug\netcoreapp2.1\hachette.api.sdk.tests.dll" id="6b0e36ed-807c-4ec1-a924-9fe922d96c90"><Execution id="c5c8a924-bed7-465a-bf50-f55765c4f8f8" /><TestMethod codeBase="c:\code\huk-dotnet-sdk\test\bin\Debug\netcoreapp2.1\Hachette.API.SDK.Tests.dll" adapterTypeName="executor://xunit/VsTestRunner2/netcoreapp" className="Utility.Tests.TrashTests" name="Utility.Tests.TrashTests.Should_Not_Throw_InvalidOperation_As_1_Is_Not_Null" /></UnitTest><UnitTest name="Utility.Tests.TrashTests.Should_Not_Throw_InvalidOperation_As_None_Are_Null" storage="c:\code\huk-dotnet-sdk\test\bin\debug\netcoreapp2.1\hachette.api.sdk.tests.dll" id="c24595f4-cf74-47ba-8dc8-46d004e8bca8"><Execution id="bcb3d9ee-8149-49fe-b011-b18f4e8a981e" /><TestMethod codeBase="c:\code\huk-dotnet-sdk\test\bin\Debug\netcoreapp2.1\Hachette.API.SDK.Tests.dll" adapterTypeName="executor://xunit/VsTestRunner2/netcoreapp" className="Utility.Tests.TrashTests" name="Utility.Tests.TrashTests.Should_Not_Throw_InvalidOperation_As_None_Are_Null" /></UnitTest><UnitTest name="Utility.Tests.TrashTests.Should_Throw_Null_On_String" storage="c:\code\huk-dotnet-sdk\test\bin\debug\netcoreapp2.1\hachette.api.sdk.tests.dll" id="1f9bbcf6-1c72-4b93-b004-99147a91d0ad"><Execution id="e9e448d1-8115-4242-883b-81ca0a2c11dd" /><TestMethod codeBase="c:\code\huk-dotnet-sdk\test\bin\Debug\netcoreapp2.1\Hachette.API.SDK.Tests.dll" adapterTypeName="executor://xunit/VsTestRunner2/netcoreapp" className="Utility.Tests.TrashTests" name="Utility.Tests.TrashTests.Should_Throw_Null_On_String" /></UnitTest><UnitTest name="Utility.Tests.TrashTests.Should_Throw_InvalidOperation_As_All_2_Are_Null" storage="c:\code\huk-dotnet-sdk\test\bin\debug\netcoreapp2.1\hachette.api.sdk.tests.dll" id="17e95170-5cc3-4140-bcf3-9b75e0d1aa61"><Execution id="787a121d-c02f-4425-8625-c4f0e1c35b87" /><TestMethod codeBase="c:\code\huk-dotnet-sdk\test\bin\Debug\netcoreapp2.1\Hachette.API.SDK.Tests.dll" adapterTypeName="executor://xunit/VsTestRunner2/netcoreapp" className="Utility.Tests.TrashTests" name="Utility.Tests.TrashTests.Should_Throw_InvalidOperation_As_All_2_Are_Null" /></UnitTest></TestDefinitions><TestEntries><TestEntry testId="1f9bbcf6-1c72-4b93-b004-99147a91d0ad" executionId="e9e448d1-8115-4242-883b-81ca0a2c11dd" testListId="8c84fa94-04c1-424b-9868-57a2d4851a1d" /><TestEntry testId="6b0e36ed-807c-4ec1-a924-9fe922d96c90" executionId="c5c8a924-bed7-465a-bf50-f55765c4f8f8" testListId="8c84fa94-04c1-424b-9868-57a2d4851a1d" /><TestEntry testId="c2bfed5a-b76e-43b4-bec3-ce875372ec1f" executionId="0771bd15-9a55-4f2d-a8f9-2932347a0e14" testListId="8c84fa94-04c1-424b-9868-57a2d4851a1d" /><TestEntry testId="c24595f4-cf74-47ba-8dc8-46d004e8bca8" executionId="bcb3d9ee-8149-49fe-b011-b18f4e8a981e" testListId="8c84fa94-04c1-424b-9868-57a2d4851a1d" /><TestEntry testId="17e95170-5cc3-4140-bcf3-9b75e0d1aa61" executionId="787a121d-c02f-4425-8625-c4f0e1c35b87" testListId="8c84fa94-04c1-424b-9868-57a2d4851a1d" /><TestEntry testId="93d5b048-a680-4c48-a7fa-bcd29f232e95" executionId="cad35ce4-f646-4e71-81a6-b3ae80690138" testListId="8c84fa94-04c1-424b-9868-57a2d4851a1d" /><TestEntry testId="973e6809-c431-41f4-8264-ff6c04305532" executionId="7e3cff7e-f789-4418-97d7-2c0493f21e29" testListId="8c84fa94-04c1-424b-9868-57a2d4851a1d" /><TestEntry testId="83109b1d-3ade-42e5-a8ed-94719b9d779f" executionId="3de1d01e-908c-4476-87f9-8b3b52217a32" testListId="8c84fa94-04c1-424b-9868-57a2d4851a1d" /></TestEntries><TestLists><TestList name="Results Not in a List" id="8c84fa94-04c1-424b-9868-57a2d4851a1d" /><TestList name="All Loaded Results" id="19431567-8539-422a-85d7-44ee4e166bda" /></TestLists><ResultSummary outcome="Completed"><Counters total="8" executed="8" passed="8" failed="0" error="0" timeout="0" aborted="0" inconclusive="0" passedButRunAborted="0" notRunnable="0" notExecuted="0" disconnected="0" warning="0" completed="0" inProgress="0" pending="0" /><Output><StdOut>[xUnit.net 00:00:02.5042559]   Discovering: Hachette.API.SDK.Tests[xUnit.net 00:00:02.5835352]   Discovered:  Hachette.API.SDK.Tests[xUnit.net 00:00:02.5973231]   Starting:    Hachette.API.SDK.Tests[xUnit.net 00:00:02.8549361]   Finished:    Hachette.API.SDK.Tests</StdOut></Output></ResultSummary></TestRun>