<?xml version="1.0" encoding="utf-8"?><TestRun id="a33224ec-0dd5-48cd-a3e3-d3a68156ae4c" name="Gareth.Bradley@WL0717 2018-10-18 20:32:03" runUser="HACHETTE\Gareth.Bradley" xmlns="http://microsoft.com/schemas/VisualStudio/TeamTest/2010"><Times creation="2018-10-18T20:32:03.2584992+01:00" queuing="2018-10-18T20:32:03.2584992+01:00" start="2018-10-18T20:32:00.6102682+01:00" finish="2018-10-18T20:32:03.2898287+01:00" /><TestSettings name="default" id="ef8ad124-e2d9-4bf7-85a6-da65746273d5"><Deployment runDeploymentRoot="Gareth.Bradley_WL0717_2018-10-18_20_32_03" /></TestSettings><Results><UnitTestResult executionId="5bc5ecc5-e69b-4460-8c59-73bf38863556" testId="ebb571c4-9f5a-4ac3-be9e-bf62ea4e06cc" testName="SDK.Tests.APIClientTests.Should_Return_Product" computerName="WL0717" duration="00:00:00.0300000" startTime="2018-10-18T20:32:03.0104530+01:00" endTime="2018-10-18T20:32:03.0104570+01:00" testType="13cdc9d9-ddb5-4fa4-a97d-d965ccfc6d4b" outcome="Passed" testListId="8c84fa94-04c1-424b-9868-57a2d4851a1d" relativeResultsDirectory="5bc5ecc5-e69b-4460-8c59-73bf38863556" /><UnitTestResult executionId="18e39182-4320-4ed4-9c53-013a9e3c4988" testId="6856864b-4c10-4e95-b6cb-9ea15eaa199a" testName="SDK.Tests.APIClientTests.Should_Return_DevKey" computerName="WL0717" duration="00:00:00.0030000" startTime="2018-10-18T20:32:03.0233064+01:00" endTime="2018-10-18T20:32:03.0233068+01:00" testType="13cdc9d9-ddb5-4fa4-a97d-d965ccfc6d4b" outcome="Passed" testListId="8c84fa94-04c1-424b-9868-57a2d4851a1d" relativeResultsDirectory="18e39182-4320-4ed4-9c53-013a9e3c4988" /></Results><TestDefinitions><UnitTest name="SDK.Tests.APIClientTests.Should_Return_DevKey" storage="c:\code\huk-dotnet-sdk\test\bin\debug\netcoreapp2.1\hachette.api.sdk.tests.dll" id="6856864b-4c10-4e95-b6cb-9ea15eaa199a"><Execution id="18e39182-4320-4ed4-9c53-013a9e3c4988" /><TestMethod codeBase="c:\code\huk-dotnet-sdk\test\bin\Debug\netcoreapp2.1\Hachette.API.SDK.Tests.dll" adapterTypeName="executor://xunit/VsTestRunner2/netcoreapp" className="SDK.Tests.APIClientTests" name="SDK.Tests.APIClientTests.Should_Return_DevKey" /></UnitTest><UnitTest name="SDK.Tests.APIClientTests.Should_Return_Product" storage="c:\code\huk-dotnet-sdk\test\bin\debug\netcoreapp2.1\hachette.api.sdk.tests.dll" id="ebb571c4-9f5a-4ac3-be9e-bf62ea4e06cc"><Execution id="5bc5ecc5-e69b-4460-8c59-73bf38863556" /><TestMethod codeBase="c:\code\huk-dotnet-sdk\test\bin\Debug\netcoreapp2.1\Hachette.API.SDK.Tests.dll" adapterTypeName="executor://xunit/VsTestRunner2/netcoreapp" className="SDK.Tests.APIClientTests" name="SDK.Tests.APIClientTests.Should_Return_Product" /></UnitTest></TestDefinitions><TestEntries><TestEntry testId="ebb571c4-9f5a-4ac3-be9e-bf62ea4e06cc" executionId="5bc5ecc5-e69b-4460-8c59-73bf38863556" testListId="8c84fa94-04c1-424b-9868-57a2d4851a1d" /><TestEntry testId="6856864b-4c10-4e95-b6cb-9ea15eaa199a" executionId="18e39182-4320-4ed4-9c53-013a9e3c4988" testListId="8c84fa94-04c1-424b-9868-57a2d4851a1d" /></TestEntries><TestLists><TestList name="Results Not in a List" id="8c84fa94-04c1-424b-9868-57a2d4851a1d" /><TestList name="All Loaded Results" id="19431567-8539-422a-85d7-44ee4e166bda" /></TestLists><ResultSummary outcome="Completed"><Counters total="2" executed="2" passed="2" failed="0" error="0" timeout="0" aborted="0" inconclusive="0" passedButRunAborted="0" notRunnable="0" notExecuted="0" disconnected="0" warning="0" completed="0" inProgress="0" pending="0" /><Output><StdOut>[xUnit.net 00:00:00.7864883]   Discovering: Hachette.API.SDK.Tests[xUnit.net 00:00:00.8865048]   Discovered:  Hachette.API.SDK.Tests[xUnit.net 00:00:00.9031507]   Starting:    Hachette.API.SDK.Tests[xUnit.net 00:00:01.3535429]   Finished:    Hachette.API.SDK.Tests</StdOut></Output></ResultSummary></TestRun>