<?xml version="1.0" encoding="utf-8"?><TestRun id="0d1ead33-76ff-4b95-83ed-ab69d7c6244e" name="Gareth.Bradley@WL0717 2018-10-20 09:24:31" runUser="HACHETTE\Gareth.Bradley" xmlns="http://microsoft.com/schemas/VisualStudio/TeamTest/2010"><Times creation="2018-10-20T09:24:31.1839828+01:00" queuing="2018-10-20T09:24:31.1839829+01:00" start="2018-10-20T09:24:28.4619859+01:00" finish="2018-10-20T09:24:31.2074177+01:00" /><TestSettings name="default" id="12e02635-169f-41c3-b08f-cf415b784674"><Deployment runDeploymentRoot="Gareth.Bradley_WL0717_2018-10-20_09_24_31" /></TestSettings><Results><UnitTestResult executionId="4322173e-cb6b-4e00-a108-f1e03f33379e" testId="82a91f71-aafc-468f-9249-077bc801d476" testName="SDK.Tests.APIClientTests.Should_Return_DevKey" computerName="WL0717" duration="00:00:00.0110000" startTime="2018-10-20T09:24:31.0090801+01:00" endTime="2018-10-20T09:24:31.0090805+01:00" testType="13cdc9d9-ddb5-4fa4-a97d-d965ccfc6d4b" outcome="Passed" testListId="8c84fa94-04c1-424b-9868-57a2d4851a1d" relativeResultsDirectory="4322173e-cb6b-4e00-a108-f1e03f33379e" /><UnitTestResult executionId="fb52b90f-58dc-4832-9323-77f79b1aea7d" testId="459c56f4-dae4-4f51-96f5-3a847f12d144" testName="SDK.Tests.APIClientTests.Should_Return_Product_With_Url" computerName="WL0717" duration="00:00:00.0480000" startTime="2018-10-20T09:24:30.9589198+01:00" endTime="2018-10-20T09:24:30.9589251+01:00" testType="13cdc9d9-ddb5-4fa4-a97d-d965ccfc6d4b" outcome="Passed" testListId="8c84fa94-04c1-424b-9868-57a2d4851a1d" relativeResultsDirectory="fb52b90f-58dc-4832-9323-77f79b1aea7d" /></Results><TestDefinitions><UnitTest name="SDK.Tests.APIClientTests.Should_Return_Product_With_Url" storage="c:\code\huk-dotnet-sdk\test\bin\debug\netcoreapp2.1\hachette.api.sdk.tests.dll" id="459c56f4-dae4-4f51-96f5-3a847f12d144"><Execution id="fb52b90f-58dc-4832-9323-77f79b1aea7d" /><TestMethod codeBase="c:\code\huk-dotnet-sdk\test\bin\Debug\netcoreapp2.1\Hachette.API.SDK.Tests.dll" adapterTypeName="executor://xunit/VsTestRunner2/netcoreapp" className="SDK.Tests.APIClientTests" name="SDK.Tests.APIClientTests.Should_Return_Product_With_Url" /></UnitTest><UnitTest name="SDK.Tests.APIClientTests.Should_Return_DevKey" storage="c:\code\huk-dotnet-sdk\test\bin\debug\netcoreapp2.1\hachette.api.sdk.tests.dll" id="82a91f71-aafc-468f-9249-077bc801d476"><Execution id="4322173e-cb6b-4e00-a108-f1e03f33379e" /><TestMethod codeBase="c:\code\huk-dotnet-sdk\test\bin\Debug\netcoreapp2.1\Hachette.API.SDK.Tests.dll" adapterTypeName="executor://xunit/VsTestRunner2/netcoreapp" className="SDK.Tests.APIClientTests" name="SDK.Tests.APIClientTests.Should_Return_DevKey" /></UnitTest></TestDefinitions><TestEntries><TestEntry testId="82a91f71-aafc-468f-9249-077bc801d476" executionId="4322173e-cb6b-4e00-a108-f1e03f33379e" testListId="8c84fa94-04c1-424b-9868-57a2d4851a1d" /><TestEntry testId="459c56f4-dae4-4f51-96f5-3a847f12d144" executionId="fb52b90f-58dc-4832-9323-77f79b1aea7d" testListId="8c84fa94-04c1-424b-9868-57a2d4851a1d" /></TestEntries><TestLists><TestList name="Results Not in a List" id="8c84fa94-04c1-424b-9868-57a2d4851a1d" /><TestList name="All Loaded Results" id="19431567-8539-422a-85d7-44ee4e166bda" /></TestLists><ResultSummary outcome="Completed"><Counters total="2" executed="2" passed="2" failed="0" error="0" timeout="0" aborted="0" inconclusive="0" passedButRunAborted="0" notRunnable="0" notExecuted="0" disconnected="0" warning="0" completed="0" inProgress="0" pending="0" /><Output><StdOut>[xUnit.net 00:00:00.9002130]   Discovering: Hachette.API.SDK.Tests[xUnit.net 00:00:00.9815464]   Discovered:  Hachette.API.SDK.Tests[xUnit.net 00:00:00.9873649]   Starting:    Hachette.API.SDK.Tests[xUnit.net 00:00:01.4866061]   Finished:    Hachette.API.SDK.Tests</StdOut></Output></ResultSummary></TestRun>