<?xml version="1.0" encoding="utf-8"?><TestRun id="bba92159-fcf7-4bda-a896-eb4996b577fe" name="Gareth.Bradley@WL0717 2018-10-21 08:59:47" runUser="HACHETTE\Gareth.Bradley" xmlns="http://microsoft.com/schemas/VisualStudio/TeamTest/2010"><Times creation="2018-10-21T08:59:47.8890288+01:00" queuing="2018-10-21T08:59:47.8890289+01:00" start="2018-10-21T08:59:42.4334459+01:00" finish="2018-10-21T08:59:47.9153515+01:00" /><TestSettings name="default" id="51986a15-cabe-47f7-b91f-e52320fff430"><Deployment runDeploymentRoot="Gareth.Bradley_WL0717_2018-10-21_08_59_47" /></TestSettings><Results><UnitTestResult executionId="91a79bff-01aa-4b66-a120-e35acb088664" testId="e0c40bd5-4c48-400a-82da-1a5fa593826a" testName="SDK.Tests.APIClientTests.Should_Return_DevKey" computerName="WL0717" duration="00:00:00.0080000" startTime="2018-10-21T08:59:47.7211797+01:00" endTime="2018-10-21T08:59:47.7211798+01:00" testType="13cdc9d9-ddb5-4fa4-a97d-d965ccfc6d4b" outcome="Passed" testListId="8c84fa94-04c1-424b-9868-57a2d4851a1d" relativeResultsDirectory="91a79bff-01aa-4b66-a120-e35acb088664" /><UnitTestResult executionId="7dd766ed-d033-4d8d-816f-c463e0a4bf74" testId="82c8ee11-f071-4c4a-aa24-e81fcd567f6f" testName="SDK.Tests.APIClientTests.Should_Return_Product_With_Url_With_Parameters" computerName="WL0717" duration="00:00:00.0020000" startTime="2018-10-21T08:59:47.7210038+01:00" endTime="2018-10-21T08:59:47.7210042+01:00" testType="13cdc9d9-ddb5-4fa4-a97d-d965ccfc6d4b" outcome="Passed" testListId="8c84fa94-04c1-424b-9868-57a2d4851a1d" relativeResultsDirectory="7dd766ed-d033-4d8d-816f-c463e0a4bf74" /><UnitTestResult executionId="6d9b7cb3-41d4-49a8-8732-c521f22047ad" testId="3797aa47-dc4c-4385-977c-23a6be951c10" testName="SDK.Tests.APIClientTests.Should_Return_Product_With_Url" computerName="WL0717" duration="00:00:00.0490000" startTime="2018-10-21T08:59:47.7106133+01:00" endTime="2018-10-21T08:59:47.7106260+01:00" testType="13cdc9d9-ddb5-4fa4-a97d-d965ccfc6d4b" outcome="Passed" testListId="8c84fa94-04c1-424b-9868-57a2d4851a1d" relativeResultsDirectory="6d9b7cb3-41d4-49a8-8732-c521f22047ad" /></Results><TestDefinitions><UnitTest name="SDK.Tests.APIClientTests.Should_Return_DevKey" storage="c:\code\huk-dotnet-sdk\test\bin\debug\netcoreapp2.1\hachette.api.sdk.tests.dll" id="e0c40bd5-4c48-400a-82da-1a5fa593826a"><Execution id="91a79bff-01aa-4b66-a120-e35acb088664" /><TestMethod codeBase="c:\code\huk-dotnet-sdk\test\bin\Debug\netcoreapp2.1\Hachette.API.SDK.Tests.dll" adapterTypeName="executor://xunit/VsTestRunner2/netcoreapp" className="SDK.Tests.APIClientTests" name="SDK.Tests.APIClientTests.Should_Return_DevKey" /></UnitTest><UnitTest name="SDK.Tests.APIClientTests.Should_Return_Product_With_Url" storage="c:\code\huk-dotnet-sdk\test\bin\debug\netcoreapp2.1\hachette.api.sdk.tests.dll" id="3797aa47-dc4c-4385-977c-23a6be951c10"><Execution id="6d9b7cb3-41d4-49a8-8732-c521f22047ad" /><TestMethod codeBase="c:\code\huk-dotnet-sdk\test\bin\Debug\netcoreapp2.1\Hachette.API.SDK.Tests.dll" adapterTypeName="executor://xunit/VsTestRunner2/netcoreapp" className="SDK.Tests.APIClientTests" name="SDK.Tests.APIClientTests.Should_Return_Product_With_Url" /></UnitTest><UnitTest name="SDK.Tests.APIClientTests.Should_Return_Product_With_Url_With_Parameters" storage="c:\code\huk-dotnet-sdk\test\bin\debug\netcoreapp2.1\hachette.api.sdk.tests.dll" id="82c8ee11-f071-4c4a-aa24-e81fcd567f6f"><Execution id="7dd766ed-d033-4d8d-816f-c463e0a4bf74" /><TestMethod codeBase="c:\code\huk-dotnet-sdk\test\bin\Debug\netcoreapp2.1\Hachette.API.SDK.Tests.dll" adapterTypeName="executor://xunit/VsTestRunner2/netcoreapp" className="SDK.Tests.APIClientTests" name="SDK.Tests.APIClientTests.Should_Return_Product_With_Url_With_Parameters" /></UnitTest></TestDefinitions><TestEntries><TestEntry testId="e0c40bd5-4c48-400a-82da-1a5fa593826a" executionId="91a79bff-01aa-4b66-a120-e35acb088664" testListId="8c84fa94-04c1-424b-9868-57a2d4851a1d" /><TestEntry testId="82c8ee11-f071-4c4a-aa24-e81fcd567f6f" executionId="7dd766ed-d033-4d8d-816f-c463e0a4bf74" testListId="8c84fa94-04c1-424b-9868-57a2d4851a1d" /><TestEntry testId="3797aa47-dc4c-4385-977c-23a6be951c10" executionId="6d9b7cb3-41d4-49a8-8732-c521f22047ad" testListId="8c84fa94-04c1-424b-9868-57a2d4851a1d" /></TestEntries><TestLists><TestList name="Results Not in a List" id="8c84fa94-04c1-424b-9868-57a2d4851a1d" /><TestList name="All Loaded Results" id="19431567-8539-422a-85d7-44ee4e166bda" /></TestLists><ResultSummary outcome="Completed"><Counters total="3" executed="3" passed="3" failed="0" error="0" timeout="0" aborted="0" inconclusive="0" passedButRunAborted="0" notRunnable="0" notExecuted="0" disconnected="0" warning="0" completed="0" inProgress="0" pending="0" /><Output><StdOut>[xUnit.net 00:00:03.2525241]   Discovering: Hachette.API.SDK.Tests[xUnit.net 00:00:03.3420642]   Discovered:  Hachette.API.SDK.Tests[xUnit.net 00:00:03.3525185]   Starting:    Hachette.API.SDK.Tests[xUnit.net 00:00:03.9253370]   Finished:    Hachette.API.SDK.Tests</StdOut></Output></ResultSummary></TestRun>