<?xml version="1.0" encoding="utf-8"?><TestRun id="f1f6772f-2b5e-468e-acd8-f050cb94aff7" name="Gareth.Bradley@WL0717 2018-11-03 17:51:31" runUser="HACHETTE\Gareth.Bradley" xmlns="http://microsoft.com/schemas/VisualStudio/TeamTest/2010"><Times creation="2018-11-03T17:51:31.2466577+00:00" queuing="2018-11-03T17:51:31.2466578+00:00" start="2018-11-03T17:51:28.2680271+00:00" finish="2018-11-03T17:51:32.0667055+00:00" /><TestSettings name="default" id="4109aad5-a11a-4497-9b1a-5049eb144532"><Deployment runDeploymentRoot="Gareth.Bradley_WL0717_2018-11-03_17_51_31" /></TestSettings><Results><UnitTestResult executionId="8836ed7a-d43b-46de-8806-7147e5f53c09" testId="3fba6b6b-a329-4e7b-af53-6a9811f2ff2a" testName="Tests.SDK.DI.EndpointFactoryTests.Should_Create_Test_Endpoint_When_Type_Is_Blank" computerName="WL0717" duration="00:00:00.0010000" startTime="2018-11-03T17:51:31.2204638+00:00" endTime="2018-11-03T17:51:31.2204639+00:00" testType="13cdc9d9-ddb5-4fa4-a97d-d965ccfc6d4b" outcome="Passed" testListId="8c84fa94-04c1-424b-9868-57a2d4851a1d" relativeResultsDirectory="8836ed7a-d43b-46de-8806-7147e5f53c09" /><UnitTestResult executionId="a9dfb497-d897-41d2-a016-f660ee2ac1e0" testId="99400be5-b578-41d6-a7d2-4c06891f67ba" testName="Tests.SDK.DI.EndpointFactoryTests.Should_Create_Production_Endpoint" computerName="WL0717" duration="00:00:00.0020000" startTime="2018-11-03T17:51:31.2203286+00:00" endTime="2018-11-03T17:51:31.2203287+00:00" testType="13cdc9d9-ddb5-4fa4-a97d-d965ccfc6d4b" outcome="Passed" testListId="8c84fa94-04c1-424b-9868-57a2d4851a1d" relativeResultsDirectory="a9dfb497-d897-41d2-a016-f660ee2ac1e0" /><UnitTestResult executionId="a8dfb966-1adf-4c18-9b14-efca953805b2" testId="3fb006b2-8f3f-43bc-a058-c2c82decf80b" testName="Tests.Utilities.TrashTests.Should_Not_Throw_Null_On_String" computerName="WL0717" duration="00:00:00.0010000" startTime="2018-11-03T17:51:31.2162025+00:00" endTime="2018-11-03T17:51:31.2162025+00:00" testType="13cdc9d9-ddb5-4fa4-a97d-d965ccfc6d4b" outcome="Passed" testListId="8c84fa94-04c1-424b-9868-57a2d4851a1d" relativeResultsDirectory="a8dfb966-1adf-4c18-9b14-efca953805b2" /><UnitTestResult executionId="45a659ee-73ae-407e-85da-ae6350d7de8e" testId="d54f6ee2-46a2-470d-97b7-2cfd8e573119" testName="Tests.SDK.BuildQueryStringUnitTests.Should_Flatten_Imprint_To_QueryString" computerName="WL0717" duration="00:00:00.0010000" startTime="2018-11-03T17:51:31.2129325+00:00" endTime="2018-11-03T17:51:31.2129326+00:00" testType="13cdc9d9-ddb5-4fa4-a97d-d965ccfc6d4b" outcome="Passed" testListId="8c84fa94-04c1-424b-9868-57a2d4851a1d" relativeResultsDirectory="45a659ee-73ae-407e-85da-ae6350d7de8e" /><UnitTestResult executionId="9106aaa9-3f36-470e-8118-5ccecb466f28" testId="515bb01e-f74d-460d-a82b-492295e833f9" testName="Tests.SDK.Core.BaseClientTests.Should_Setup_Test_Endpoint" computerName="WL0717" duration="00:00:00.0930000" startTime="2018-11-03T17:51:31.2650416+00:00" endTime="2018-11-03T17:51:31.2650421+00:00" testType="13cdc9d9-ddb5-4fa4-a97d-d965ccfc6d4b" outcome="Passed" testListId="8c84fa94-04c1-424b-9868-57a2d4851a1d" relativeResultsDirectory="9106aaa9-3f36-470e-8118-5ccecb466f28" /><UnitTestResult executionId="fd28e279-ff48-4247-b3c0-99367023bc76" testId="02316712-4367-46e9-9e71-3a4ff58338b3" testName="Tests.SDK.ValidationUnitTests.Should_Validate_Gollancz" computerName="WL0717" duration="00:00:00.0010000" startTime="2018-11-03T17:51:31.2065926+00:00" endTime="2018-11-03T17:51:31.2065926+00:00" testType="13cdc9d9-ddb5-4fa4-a97d-d965ccfc6d4b" outcome="Passed" testListId="8c84fa94-04c1-424b-9868-57a2d4851a1d" relativeResultsDirectory="fd28e279-ff48-4247-b3c0-99367023bc76" /><UnitTestResult executionId="1f64458e-412b-4efb-a5f0-0c6a782420d2" testId="3fe2c841-d389-4564-9d47-7d35ca599066" testName="Tests.SDK.CommonParameterUnitTests.Should_Remove_Imprint" computerName="WL0717" duration="00:00:00.0010000" startTime="2018-11-03T17:51:31.2067109+00:00" endTime="2018-11-03T17:51:31.2067110+00:00" testType="13cdc9d9-ddb5-4fa4-a97d-d965ccfc6d4b" outcome="Passed" testListId="8c84fa94-04c1-424b-9868-57a2d4851a1d" relativeResultsDirectory="1f64458e-412b-4efb-a5f0-0c6a782420d2" /><UnitTestResult executionId="ef60765c-517a-43a2-8981-8a6aa437b5d4" testId="575e4df1-d57c-46ce-8bb3-b9328e49160b" testName="Tests.SDK.ValidationUnitTests.Enum_Should_Equal_Orion_Value" computerName="WL0717" duration="00:00:00.0010000" startTime="2018-11-03T17:51:31.2067743+00:00" endTime="2018-11-03T17:51:31.2067744+00:00" testType="13cdc9d9-ddb5-4fa4-a97d-d965ccfc6d4b" outcome="Passed" testListId="8c84fa94-04c1-424b-9868-57a2d4851a1d" relativeResultsDirectory="ef60765c-517a-43a2-8981-8a6aa437b5d4" /><UnitTestResult executionId="38ae2837-4808-4a43-bb56-906bcd3bd3f6" testId="2575898f-89fe-48f2-8c95-62385a1c0cb0" testName="Tests.SDK.CommonParameterUnitTests.Should_Fail_On_Empty_Division" computerName="WL0717" duration="00:00:00.0010000" startTime="2018-11-03T17:51:31.2162999+00:00" endTime="2018-11-03T17:51:31.2162999+00:00" testType="13cdc9d9-ddb5-4fa4-a97d-d965ccfc6d4b" outcome="Passed" testListId="8c84fa94-04c1-424b-9868-57a2d4851a1d" relativeResultsDirectory="38ae2837-4808-4a43-bb56-906bcd3bd3f6" /><UnitTestResult executionId="3ca11b60-1762-47ef-9847-9a3e6a2c0d52" testId="37c6e52d-8da0-409c-8e24-1a1e42f83234" testName="Tests.SDK.APIClientTests.Test_GetAsync" computerName="WL0717" duration="00:00:00.5760000" startTime="2018-11-03T17:51:31.9719347+00:00" endTime="2018-11-03T17:51:31.9719351+00:00" testType="13cdc9d9-ddb5-4fa4-a97d-d965ccfc6d4b" outcome="Passed" testListId="8c84fa94-04c1-424b-9868-57a2d4851a1d" relativeResultsDirectory="3ca11b60-1762-47ef-9847-9a3e6a2c0d52" /><UnitTestResult executionId="6623c0c1-52db-48f7-b6de-13cd28715def" testId="e85c1ae7-db7a-4ea0-be0c-fac4eb58821a" testName="Tests.SDK.ValidationUnitTests.Should_Validate_Gateway" computerName="WL0717" duration="00:00:00.0010000" startTime="2018-11-03T17:51:31.2126449+00:00" endTime="2018-11-03T17:51:31.2126452+00:00" testType="13cdc9d9-ddb5-4fa4-a97d-d965ccfc6d4b" outcome="Passed" testListId="8c84fa94-04c1-424b-9868-57a2d4851a1d" relativeResultsDirectory="6623c0c1-52db-48f7-b6de-13cd28715def" /><UnitTestResult executionId="d75d8b46-1871-4622-8069-e3ed1a8167a0" testId="6a32fc99-b1ef-4c95-8aaf-32538004db25" testName="Tests.SDK.BuildQueryStringUnitTests.Should_Flatten_Multiple_Divisions_To_QueryString" computerName="WL0717" duration="00:00:00.0010000" startTime="2018-11-03T17:51:31.2133277+00:00" endTime="2018-11-03T17:51:31.2133279+00:00" testType="13cdc9d9-ddb5-4fa4-a97d-d965ccfc6d4b" outcome="Passed" testListId="8c84fa94-04c1-424b-9868-57a2d4851a1d" relativeResultsDirectory="d75d8b46-1871-4622-8069-e3ed1a8167a0" /><UnitTestResult executionId="896768cb-e433-4c2f-b3b1-487dc591eead" testId="619dffed-bf78-4ffc-a8e8-f3c3844d4cff" testName="Tests.SDK.BuildQueryStringUnitTests.Should_Flatten_Division_To_QueryString" computerName="WL0717" duration="00:00:00.0010000" startTime="2018-11-03T17:51:31.2136099+00:00" endTime="2018-11-03T17:51:31.2136101+00:00" testType="13cdc9d9-ddb5-4fa4-a97d-d965ccfc6d4b" outcome="Passed" testListId="8c84fa94-04c1-424b-9868-57a2d4851a1d" relativeResultsDirectory="896768cb-e433-4c2f-b3b1-487dc591eead" /><UnitTestResult executionId="4362a03a-9570-41cc-8f6a-9e419f8c9208" testId="96baf19b-bb6b-4d1e-a161-7fe9d853f636" testName="Tests.SDK.ValidationUnitTests.Validation_Should_Fail_For_Imprint" computerName="WL0717" duration="00:00:00.0010000" startTime="2018-11-03T17:51:31.2066494+00:00" endTime="2018-11-03T17:51:31.2066495+00:00" testType="13cdc9d9-ddb5-4fa4-a97d-d965ccfc6d4b" outcome="Passed" testListId="8c84fa94-04c1-424b-9868-57a2d4851a1d" relativeResultsDirectory="4362a03a-9570-41cc-8f6a-9e419f8c9208" /><UnitTestResult executionId="9aa1edfc-1e73-497f-bf6c-b9e2c38973ab" testId="a0429ebb-8984-42bf-af36-8fa3bee0d837" testName="Tests.SDK.ValidationUnitTests.Should_Validate_Orion" computerName="WL0717" duration="00:00:00.0010000" startTime="2018-11-03T17:51:31.1780830+00:00" endTime="2018-11-03T17:51:31.1780831+00:00" testType="13cdc9d9-ddb5-4fa4-a97d-d965ccfc6d4b" outcome="Passed" testListId="8c84fa94-04c1-424b-9868-57a2d4851a1d" relativeResultsDirectory="9aa1edfc-1e73-497f-bf6c-b9e2c38973ab" /><UnitTestResult executionId="fcb0cb18-8cf7-458b-ad60-ed5f17535beb" testId="a97f8080-1db8-44bb-b16f-d38535719254" testName="Tests.SDK.ValidationUnitTests.Enum_Should_Equal_Gollancz_Value" computerName="WL0717" duration="00:00:00.0010000" startTime="2018-11-03T17:51:31.2068389+00:00" endTime="2018-11-03T17:51:31.2068390+00:00" testType="13cdc9d9-ddb5-4fa4-a97d-d965ccfc6d4b" outcome="Passed" testListId="8c84fa94-04c1-424b-9868-57a2d4851a1d" relativeResultsDirectory="fcb0cb18-8cf7-458b-ad60-ed5f17535beb" /><UnitTestResult executionId="9ba9449e-af7b-4009-bbdd-5c8eeb58cecd" testId="eca65f62-7b41-4180-aa59-fde3122def6d" testName="Tests.Utilities.TrashTests.Should_Throw_Null_On_String" computerName="WL0717" duration="00:00:00.0010000" startTime="2018-11-03T17:51:31.2161404+00:00" endTime="2018-11-03T17:51:31.2161405+00:00" testType="13cdc9d9-ddb5-4fa4-a97d-d965ccfc6d4b" outcome="Passed" testListId="8c84fa94-04c1-424b-9868-57a2d4851a1d" relativeResultsDirectory="9ba9449e-af7b-4009-bbdd-5c8eeb58cecd" /><UnitTestResult executionId="f5d4c926-5a38-4b07-bc11-160f5a62f3c4" testId="37fcd1b9-12b3-42a7-8374-3f7be9737fe8" testName="Tests.SDK.ValidationUnitTests.Should_Validate_WandN_1" computerName="WL0717" duration="00:00:00.0130000" startTime="2018-11-03T17:51:31.1690474+00:00" endTime="2018-11-03T17:51:31.1690475+00:00" testType="13cdc9d9-ddb5-4fa4-a97d-d965ccfc6d4b" outcome="Passed" testListId="8c84fa94-04c1-424b-9868-57a2d4851a1d" relativeResultsDirectory="f5d4c926-5a38-4b07-bc11-160f5a62f3c4" /><UnitTestResult executionId="86a35d1a-9a9b-40b1-a9c7-04b9919ba7e8" testId="b434c9c7-84a3-4151-9017-b83c5cb6f4c5" testName="Tests.SDK.CommonParameterUnitTests.Imprint_Should_Not_Be_Added_Because_It_Is_A_Duplicate" computerName="WL0717" duration="00:00:00.0130000" startTime="2018-11-03T17:51:31.1626050+00:00" endTime="2018-11-03T17:51:31.1626100+00:00" testType="13cdc9d9-ddb5-4fa4-a97d-d965ccfc6d4b" outcome="Passed" testListId="8c84fa94-04c1-424b-9868-57a2d4851a1d" relativeResultsDirectory="86a35d1a-9a9b-40b1-a9c7-04b9919ba7e8" /><UnitTestResult executionId="a385ac2e-0eda-467a-afd4-6c8baec902bf" testId="f270f3cf-a107-4629-8c0c-c62457eef2b6" testName="Tests.SDK.APIClientTests.Should_Return_DevKey" computerName="WL0717" duration="00:00:00.0010000" startTime="2018-11-03T17:51:31.9780705+00:00" endTime="2018-11-03T17:51:31.9780713+00:00" testType="13cdc9d9-ddb5-4fa4-a97d-d965ccfc6d4b" outcome="Passed" testListId="8c84fa94-04c1-424b-9868-57a2d4851a1d" relativeResultsDirectory="a385ac2e-0eda-467a-afd4-6c8baec902bf" /><UnitTestResult executionId="bb7f9739-9353-47ac-bc36-c180bf3de60d" testId="f07d7b4e-eec2-418c-b517-ce0a22bfbf52" testName="Tests.SDK.BuildQueryStringUnitTests.Should_Create_Timestamp_To_QueryString" computerName="WL0717" duration="00:00:00.0010000" startTime="2018-11-03T17:51:31.2158568+00:00" endTime="2018-11-03T17:51:31.2158571+00:00" testType="13cdc9d9-ddb5-4fa4-a97d-d965ccfc6d4b" outcome="Passed" testListId="8c84fa94-04c1-424b-9868-57a2d4851a1d" relativeResultsDirectory="bb7f9739-9353-47ac-bc36-c180bf3de60d" /><UnitTestResult executionId="114b950b-8c3d-4172-bdf6-a4af007f3c0e" testId="aab8ae77-2603-47cd-8043-9d97d8538fdd" testName="Tests.Utilities.TrashTests.Should_Throw_InvalidOperation_As_All_3_Are_Null" computerName="WL0717" duration="00:00:00.0010000" startTime="2018-11-03T17:51:31.2160859+00:00" endTime="2018-11-03T17:51:31.2160859+00:00" testType="13cdc9d9-ddb5-4fa4-a97d-d965ccfc6d4b" outcome="Passed" testListId="8c84fa94-04c1-424b-9868-57a2d4851a1d" relativeResultsDirectory="114b950b-8c3d-4172-bdf6-a4af007f3c0e" /><UnitTestResult executionId="4f0dc0b1-dd2c-4a5f-bc77-e49f7b3d3eaa" testId="b08b6884-2d92-471f-91ee-364cbac5d2a9" testName="Tests.SDK.CommonParameterUnitTests.Division_Should_Be_Added" computerName="WL0717" duration="00:00:00.0030000" startTime="2018-11-03T17:51:31.1781436+00:00" endTime="2018-11-03T17:51:31.1781437+00:00" testType="13cdc9d9-ddb5-4fa4-a97d-d965ccfc6d4b" outcome="Passed" testListId="8c84fa94-04c1-424b-9868-57a2d4851a1d" relativeResultsDirectory="4f0dc0b1-dd2c-4a5f-bc77-e49f7b3d3eaa" /><UnitTestResult executionId="67090916-3f9c-4959-b000-8bf1caf74f99" testId="1890e636-50a2-4706-b50e-1af4cb16032f" testName="Tests.SDK.BuildQueryStringUnitTests.Should_Flatten_Multiple_Imprints_To_QueryString" computerName="WL0717" duration="00:00:00.0130000" startTime="2018-11-03T17:51:31.1715055+00:00" endTime="2018-11-03T17:51:31.1715060+00:00" testType="13cdc9d9-ddb5-4fa4-a97d-d965ccfc6d4b" outcome="Passed" testListId="8c84fa94-04c1-424b-9868-57a2d4851a1d" relativeResultsDirectory="67090916-3f9c-4959-b000-8bf1caf74f99" /><UnitTestResult executionId="dc30a96f-09df-4cea-b777-de9a30da6b27" testId="7f79a56e-d516-4adf-86ea-b16cc3ef4514" testName="Tests.SDK.BuildQueryStringUnitTests.Should_LowerCase_FirstLetter" computerName="WL0717" duration="00:00:00.0010000" startTime="2018-11-03T17:51:31.2160187+00:00" endTime="2018-11-03T17:51:31.2160188+00:00" testType="13cdc9d9-ddb5-4fa4-a97d-d965ccfc6d4b" outcome="Passed" testListId="8c84fa94-04c1-424b-9868-57a2d4851a1d" relativeResultsDirectory="dc30a96f-09df-4cea-b777-de9a30da6b27" /><UnitTestResult executionId="5f45833f-eaf7-44b9-bebf-633d86839876" testId="ec6e10aa-2ee5-442d-842f-f1de001d559f" testName="Tests.SDK.ValidationUnitTests.Enum_Should_Equal_WandN_Value" computerName="WL0717" duration="00:00:00.0010000" startTime="2018-11-03T17:51:31.1718738+00:00" endTime="2018-11-03T17:51:31.1718740+00:00" testType="13cdc9d9-ddb5-4fa4-a97d-d965ccfc6d4b" outcome="Passed" testListId="8c84fa94-04c1-424b-9868-57a2d4851a1d" relativeResultsDirectory="5f45833f-eaf7-44b9-bebf-633d86839876" /><UnitTestResult executionId="735f64e0-7976-461a-8831-bff5b671cc57" testId="14e56c62-fcf0-4d42-9e58-85dd109a068a" testName="Tests.SDK.CommonParameterUnitTests.Should_Remove_Division" computerName="WL0717" duration="00:00:00.0010000" startTime="2018-11-03T17:51:31.2127589+00:00" endTime="2018-11-03T17:51:31.2127590+00:00" testType="13cdc9d9-ddb5-4fa4-a97d-d965ccfc6d4b" outcome="Passed" testListId="8c84fa94-04c1-424b-9868-57a2d4851a1d" relativeResultsDirectory="735f64e0-7976-461a-8831-bff5b671cc57" /><UnitTestResult executionId="c88c5bdd-dd4a-46ac-a52f-f3ef737cedca" testId="55be6af0-6b44-4946-b389-e48a7e8ccb29" testName="Tests.SDK.CommonParameterUnitTests.Imprint_Should_Be_Added" computerName="WL0717" duration="00:00:00.0010000" startTime="2018-11-03T17:51:31.2065213+00:00" endTime="2018-11-03T17:51:31.2065214+00:00" testType="13cdc9d9-ddb5-4fa4-a97d-d965ccfc6d4b" outcome="Passed" testListId="8c84fa94-04c1-424b-9868-57a2d4851a1d" relativeResultsDirectory="c88c5bdd-dd4a-46ac-a52f-f3ef737cedca" /><UnitTestResult executionId="9d157697-1068-47ae-a22b-25aa6d898d89" testId="7147eaa7-4825-4edc-b300-7b82c98d3b47" testName="Tests.SDK.DI.EndpointFactoryTests.Should_Create_Test_Endpoint" computerName="WL0717" duration="00:00:00.0010000" startTime="2018-11-03T17:51:31.2203994+00:00" endTime="2018-11-03T17:51:31.2203996+00:00" testType="13cdc9d9-ddb5-4fa4-a97d-d965ccfc6d4b" outcome="Passed" testListId="8c84fa94-04c1-424b-9868-57a2d4851a1d" relativeResultsDirectory="9d157697-1068-47ae-a22b-25aa6d898d89" /><UnitTestResult executionId="0c29c1db-7e82-423a-aa62-fe71b7dc5fa7" testId="0b949459-f68a-4be2-9b8c-8197157976a4" testName="Tests.SDK.CommonParameterUnitTests.Should_Fail_On_Empty_Imprint" computerName="WL0717" duration="00:00:00.0070000" startTime="2018-11-03T17:51:31.2162313+00:00" endTime="2018-11-03T17:51:31.2162313+00:00" testType="13cdc9d9-ddb5-4fa4-a97d-d965ccfc6d4b" outcome="Passed" testListId="8c84fa94-04c1-424b-9868-57a2d4851a1d" relativeResultsDirectory="0c29c1db-7e82-423a-aa62-fe71b7dc5fa7" /><UnitTestResult executionId="493b8604-26e8-488f-9b7d-ed16e8377166" testId="e3fd9c2e-712b-4750-80d8-bc33042207b4" testName="Tests.Utilities.TrashTests.Should_Not_Throw_InvalidOperation_As_None_Are_Null" computerName="WL0717" duration="00:00:00.0010000" startTime="2018-11-03T17:51:31.2200048+00:00" endTime="2018-11-03T17:51:31.2200050+00:00" testType="13cdc9d9-ddb5-4fa4-a97d-d965ccfc6d4b" outcome="Passed" testListId="8c84fa94-04c1-424b-9868-57a2d4851a1d" relativeResultsDirectory="493b8604-26e8-488f-9b7d-ed16e8377166" /><UnitTestResult executionId="a952d5f5-e1ea-4874-a132-6dfad48b31ef" testId="e1691514-09a3-404c-afdf-6df99243a4af" testName="Tests.Utilities.TrashTests.Should_Throw_InvalidOperation_As_All_2_Are_Null" computerName="WL0717" duration="00:00:00.0020000" startTime="2018-11-03T17:51:31.2128827+00:00" endTime="2018-11-03T17:51:31.2128829+00:00" testType="13cdc9d9-ddb5-4fa4-a97d-d965ccfc6d4b" outcome="Passed" testListId="8c84fa94-04c1-424b-9868-57a2d4851a1d" relativeResultsDirectory="a952d5f5-e1ea-4874-a132-6dfad48b31ef" /><UnitTestResult executionId="a634473b-0cc1-42d2-961c-9afcf649b5b7" testId="bae13a42-28d7-4201-8cb8-222a666b04bc" testName="Tests.Utilities.TrashTests.Should_Not_Throw_InvalidOperation_As_1_Is_Not_Null" computerName="WL0717" duration="00:00:00.0130000" startTime="2018-11-03T17:51:31.1690066+00:00" endTime="2018-11-03T17:51:31.1690070+00:00" testType="13cdc9d9-ddb5-4fa4-a97d-d965ccfc6d4b" outcome="Passed" testListId="8c84fa94-04c1-424b-9868-57a2d4851a1d" relativeResultsDirectory="a634473b-0cc1-42d2-961c-9afcf649b5b7" /><UnitTestResult executionId="634a90cd-5577-4784-a462-1de62dbe962e" testId="97272aba-b121-48ea-848b-1a9e53efeef2" testName="Tests.SDK.ValidationUnitTests.Enum_Should_Equal_Gateway_Value" computerName="WL0717" duration="00:00:00.0010000" startTime="2018-11-03T17:51:31.1779982+00:00" endTime="2018-11-03T17:51:31.1779986+00:00" testType="13cdc9d9-ddb5-4fa4-a97d-d965ccfc6d4b" outcome="Passed" testListId="8c84fa94-04c1-424b-9868-57a2d4851a1d" relativeResultsDirectory="634a90cd-5577-4784-a462-1de62dbe962e" /><UnitTestResult executionId="a41c598b-711c-465b-98fd-a3cf0a51aa8f" testId="a3924d8e-9aa9-4c67-a3a9-cf22945ba095" testName="Tests.SDK.DI.EnvironmentVariableTests.Should_Get_Production" computerName="WL0717" duration="00:00:00.0010000" startTime="2018-11-03T17:51:31.2284877+00:00" endTime="2018-11-03T17:51:31.2284881+00:00" testType="13cdc9d9-ddb5-4fa4-a97d-d965ccfc6d4b" outcome="Passed" testListId="8c84fa94-04c1-424b-9868-57a2d4851a1d" relativeResultsDirectory="a41c598b-711c-465b-98fd-a3cf0a51aa8f" /><UnitTestResult executionId="0fec1342-08ac-4206-881a-c80b6478dce5" testId="2e1538f9-5f88-4b05-a11d-ed8da6ef0b4c" testName="Tests.Utilities.TrashTests.Should_Throw_Null_On_CommonParameters" computerName="WL0717" duration="00:00:00.0010000" startTime="2018-11-03T17:51:31.2163420+00:00" endTime="2018-11-03T17:51:31.2163421+00:00" testType="13cdc9d9-ddb5-4fa4-a97d-d965ccfc6d4b" outcome="Passed" testListId="8c84fa94-04c1-424b-9868-57a2d4851a1d" relativeResultsDirectory="0fec1342-08ac-4206-881a-c80b6478dce5" /><UnitTestResult executionId="26a67aa8-fd37-4c5c-988e-12d1d26695b1" testId="728f7edf-9a3d-43b4-8f63-17361d9d229f" testName="Tests.SDK.APIClientTests.Should_Return_Product_With_Url_With_Parameters" computerName="WL0717" duration="00:00:00.0280000" startTime="2018-11-03T17:51:31.3908255+00:00" endTime="2018-11-03T17:51:31.3908260+00:00" testType="13cdc9d9-ddb5-4fa4-a97d-d965ccfc6d4b" outcome="Passed" testListId="8c84fa94-04c1-424b-9868-57a2d4851a1d" relativeResultsDirectory="26a67aa8-fd37-4c5c-988e-12d1d26695b1" /><UnitTestResult executionId="da681385-bc20-43ab-b5a9-12478f589d78" testId="468b9495-d51d-4a1c-b231-5388553f2277" testName="Tests.Utilities.TrashTests.Should_Not_Throw_InvalidOperation_As_2_Is_Not_Null" computerName="WL0717" duration="00:00:00.0010000" startTime="2018-11-03T17:51:31.2201822+00:00" endTime="2018-11-03T17:51:31.2201824+00:00" testType="13cdc9d9-ddb5-4fa4-a97d-d965ccfc6d4b" outcome="Passed" testListId="8c84fa94-04c1-424b-9868-57a2d4851a1d" relativeResultsDirectory="da681385-bc20-43ab-b5a9-12478f589d78" /><UnitTestResult executionId="1968657c-507d-4afc-90c5-e3635220e6a7" testId="2f97387a-cefa-4de1-be75-2f138a693197" testName="Tests.SDK.CommonParameterUnitTests.Division_Should_Not_Be_Added_Because_It_Is_A_Duplicate" computerName="WL0717" duration="00:00:00.0010000" startTime="2018-11-03T17:51:31.2069553+00:00" endTime="2018-11-03T17:51:31.2069554+00:00" testType="13cdc9d9-ddb5-4fa4-a97d-d965ccfc6d4b" outcome="Passed" testListId="8c84fa94-04c1-424b-9868-57a2d4851a1d" relativeResultsDirectory="1968657c-507d-4afc-90c5-e3635220e6a7" /><UnitTestResult executionId="e706aa7b-876b-4885-8cbc-5c49230d6a27" testId="2a0a46bd-e28c-4b8a-b819-1f970c1fe1a1" testName="Tests.SDK.ValidationUnitTests.Should_Validate_WandN_2" computerName="WL0717" duration="00:00:00.0010000" startTime="2018-11-03T17:51:31.2127278+00:00" endTime="2018-11-03T17:51:31.2127279+00:00" testType="13cdc9d9-ddb5-4fa4-a97d-d965ccfc6d4b" outcome="Passed" testListId="8c84fa94-04c1-424b-9868-57a2d4851a1d" relativeResultsDirectory="e706aa7b-876b-4885-8cbc-5c49230d6a27" /><UnitTestResult executionId="d667d70f-36f8-4a96-b5a0-87af959d2055" testId="06a183b1-2e20-4758-9151-a2f30f17ecc3" testName="Tests.SDK.DI.EnvironmentVariableTests.Should_Get_Test" computerName="WL0717" duration="00:00:00.0550000" startTime="2018-11-03T17:51:31.2275749+00:00" endTime="2018-11-03T17:51:31.2275759+00:00" testType="13cdc9d9-ddb5-4fa4-a97d-d965ccfc6d4b" outcome="Passed" testListId="8c84fa94-04c1-424b-9868-57a2d4851a1d" relativeResultsDirectory="d667d70f-36f8-4a96-b5a0-87af959d2055" /><UnitTestResult executionId="5a72fd4f-d319-4ad8-87c5-22aec9ef21d4" testId="e2bc6b69-a4d7-412d-9331-b0e606b3e681" testName="Tests.SDK.ValidationUnitTests.Validation_Should_Fail_For_Division" computerName="WL0717" duration="00:00:00.0010000" startTime="2018-11-03T17:51:31.2064542+00:00" endTime="2018-11-03T17:51:31.2064545+00:00" testType="13cdc9d9-ddb5-4fa4-a97d-d965ccfc6d4b" outcome="Passed" testListId="8c84fa94-04c1-424b-9868-57a2d4851a1d" relativeResultsDirectory="5a72fd4f-d319-4ad8-87c5-22aec9ef21d4" /><UnitTestResult executionId="19b3fe51-d510-4bbc-8bfe-e74494c657bc" testId="6995aaf9-7bc7-4654-babe-b19d615db8ff" testName="Tests.SDK.BuildQueryStringUnitTests.Should_Flatten_Division_And_Imprints_To_QueryString" computerName="WL0717" duration="00:00:00.0010000" startTime="2018-11-03T17:51:31.2159346+00:00" endTime="2018-11-03T17:51:31.2159347+00:00" testType="13cdc9d9-ddb5-4fa4-a97d-d965ccfc6d4b" outcome="Passed" testListId="8c84fa94-04c1-424b-9868-57a2d4851a1d" relativeResultsDirectory="19b3fe51-d510-4bbc-8bfe-e74494c657bc" /></Results><TestDefinitions><UnitTest name="Tests.Utilities.TrashTests.Should_Not_Throw_InvalidOperation_As_None_Are_Null" storage="c:\code\huk-dotnet-sdk\test\bin\debug\netcoreapp2.1\hachette.api.sdk.tests.dll" id="e3fd9c2e-712b-4750-80d8-bc33042207b4"><Execution id="493b8604-26e8-488f-9b7d-ed16e8377166" /><TestMethod codeBase="c:\code\huk-dotnet-sdk\test\bin\Debug\netcoreapp2.1\Hachette.API.SDK.Tests.dll" adapterTypeName="executor://xunit/VsTestRunner2/netcoreapp" className="Tests.Utilities.TrashTests" name="Tests.Utilities.TrashTests.Should_Not_Throw_InvalidOperation_As_None_Are_Null" /></UnitTest><UnitTest name="Tests.SDK.BuildQueryStringUnitTests.Should_Flatten_Division_To_QueryString" storage="c:\code\huk-dotnet-sdk\test\bin\debug\netcoreapp2.1\hachette.api.sdk.tests.dll" id="619dffed-bf78-4ffc-a8e8-f3c3844d4cff"><Execution id="896768cb-e433-4c2f-b3b1-487dc591eead" /><TestMethod codeBase="c:\code\huk-dotnet-sdk\test\bin\Debug\netcoreapp2.1\Hachette.API.SDK.Tests.dll" adapterTypeName="executor://xunit/VsTestRunner2/netcoreapp" className="Tests.SDK.BuildQueryStringUnitTests" name="Tests.SDK.BuildQueryStringUnitTests.Should_Flatten_Division_To_QueryString" /></UnitTest><UnitTest name="Tests.SDK.DI.EndpointFactoryTests.Should_Create_Test_Endpoint" storage="c:\code\huk-dotnet-sdk\test\bin\debug\netcoreapp2.1\hachette.api.sdk.tests.dll" id="7147eaa7-4825-4edc-b300-7b82c98d3b47"><Execution id="9d157697-1068-47ae-a22b-25aa6d898d89" /><TestMethod codeBase="c:\code\huk-dotnet-sdk\test\bin\Debug\netcoreapp2.1\Hachette.API.SDK.Tests.dll" adapterTypeName="executor://xunit/VsTestRunner2/netcoreapp" className="Tests.SDK.DI.EndpointFactoryTests" name="Tests.SDK.DI.EndpointFactoryTests.Should_Create_Test_Endpoint" /></UnitTest><UnitTest name="Tests.SDK.ValidationUnitTests.Validation_Should_Fail_For_Division" storage="c:\code\huk-dotnet-sdk\test\bin\debug\netcoreapp2.1\hachette.api.sdk.tests.dll" id="e2bc6b69-a4d7-412d-9331-b0e606b3e681"><Execution id="5a72fd4f-d319-4ad8-87c5-22aec9ef21d4" /><TestMethod codeBase="c:\code\huk-dotnet-sdk\test\bin\Debug\netcoreapp2.1\Hachette.API.SDK.Tests.dll" adapterTypeName="executor://xunit/VsTestRunner2/netcoreapp" className="Tests.SDK.ValidationUnitTests" name="Tests.SDK.ValidationUnitTests.Validation_Should_Fail_For_Division" /></UnitTest><UnitTest name="Tests.SDK.BuildQueryStringUnitTests.Should_Create_Timestamp_To_QueryString" storage="c:\code\huk-dotnet-sdk\test\bin\debug\netcoreapp2.1\hachette.api.sdk.tests.dll" id="f07d7b4e-eec2-418c-b517-ce0a22bfbf52"><Execution id="bb7f9739-9353-47ac-bc36-c180bf3de60d" /><TestMethod codeBase="c:\code\huk-dotnet-sdk\test\bin\Debug\netcoreapp2.1\Hachette.API.SDK.Tests.dll" adapterTypeName="executor://xunit/VsTestRunner2/netcoreapp" className="Tests.SDK.BuildQueryStringUnitTests" name="Tests.SDK.BuildQueryStringUnitTests.Should_Create_Timestamp_To_QueryString" /></UnitTest><UnitTest name="Tests.SDK.ValidationUnitTests.Should_Validate_WandN_2" storage="c:\code\huk-dotnet-sdk\test\bin\debug\netcoreapp2.1\hachette.api.sdk.tests.dll" id="2a0a46bd-e28c-4b8a-b819-1f970c1fe1a1"><Execution id="e706aa7b-876b-4885-8cbc-5c49230d6a27" /><TestMethod codeBase="c:\code\huk-dotnet-sdk\test\bin\Debug\netcoreapp2.1\Hachette.API.SDK.Tests.dll" adapterTypeName="executor://xunit/VsTestRunner2/netcoreapp" className="Tests.SDK.ValidationUnitTests" name="Tests.SDK.ValidationUnitTests.Should_Validate_WandN_2" /></UnitTest><UnitTest name="Tests.SDK.APIClientTests.Should_Return_DevKey" storage="c:\code\huk-dotnet-sdk\test\bin\debug\netcoreapp2.1\hachette.api.sdk.tests.dll" id="f270f3cf-a107-4629-8c0c-c62457eef2b6"><Execution id="a385ac2e-0eda-467a-afd4-6c8baec902bf" /><TestMethod codeBase="c:\code\huk-dotnet-sdk\test\bin\Debug\netcoreapp2.1\Hachette.API.SDK.Tests.dll" adapterTypeName="executor://xunit/VsTestRunner2/netcoreapp" className="Tests.SDK.APIClientTests" name="Tests.SDK.APIClientTests.Should_Return_DevKey" /></UnitTest><UnitTest name="Tests.SDK.BuildQueryStringUnitTests.Should_LowerCase_FirstLetter" storage="c:\code\huk-dotnet-sdk\test\bin\debug\netcoreapp2.1\hachette.api.sdk.tests.dll" id="7f79a56e-d516-4adf-86ea-b16cc3ef4514"><Execution id="dc30a96f-09df-4cea-b777-de9a30da6b27" /><TestMethod codeBase="c:\code\huk-dotnet-sdk\test\bin\Debug\netcoreapp2.1\Hachette.API.SDK.Tests.dll" adapterTypeName="executor://xunit/VsTestRunner2/netcoreapp" className="Tests.SDK.BuildQueryStringUnitTests" name="Tests.SDK.BuildQueryStringUnitTests.Should_LowerCase_FirstLetter" /></UnitTest><UnitTest name="Tests.Utilities.TrashTests.Should_Not_Throw_InvalidOperation_As_1_Is_Not_Null" storage="c:\code\huk-dotnet-sdk\test\bin\debug\netcoreapp2.1\hachette.api.sdk.tests.dll" id="bae13a42-28d7-4201-8cb8-222a666b04bc"><Execution id="a634473b-0cc1-42d2-961c-9afcf649b5b7" /><TestMethod codeBase="c:\code\huk-dotnet-sdk\test\bin\Debug\netcoreapp2.1\Hachette.API.SDK.Tests.dll" adapterTypeName="executor://xunit/VsTestRunner2/netcoreapp" className="Tests.Utilities.TrashTests" name="Tests.Utilities.TrashTests.Should_Not_Throw_InvalidOperation_As_1_Is_Not_Null" /></UnitTest><UnitTest name="Tests.SDK.CommonParameterUnitTests.Should_Remove_Imprint" storage="c:\code\huk-dotnet-sdk\test\bin\debug\netcoreapp2.1\hachette.api.sdk.tests.dll" id="3fe2c841-d389-4564-9d47-7d35ca599066"><Execution id="1f64458e-412b-4efb-a5f0-0c6a782420d2" /><TestMethod codeBase="c:\code\huk-dotnet-sdk\test\bin\Debug\netcoreapp2.1\Hachette.API.SDK.Tests.dll" adapterTypeName="executor://xunit/VsTestRunner2/netcoreapp" className="Tests.SDK.CommonParameterUnitTests" name="Tests.SDK.CommonParameterUnitTests.Should_Remove_Imprint" /></UnitTest><UnitTest name="Tests.SDK.DI.EndpointFactoryTests.Should_Create_Production_Endpoint" storage="c:\code\huk-dotnet-sdk\test\bin\debug\netcoreapp2.1\hachette.api.sdk.tests.dll" id="99400be5-b578-41d6-a7d2-4c06891f67ba"><Execution id="a9dfb497-d897-41d2-a016-f660ee2ac1e0" /><TestMethod codeBase="c:\code\huk-dotnet-sdk\test\bin\Debug\netcoreapp2.1\Hachette.API.SDK.Tests.dll" adapterTypeName="executor://xunit/VsTestRunner2/netcoreapp" className="Tests.SDK.DI.EndpointFactoryTests" name="Tests.SDK.DI.EndpointFactoryTests.Should_Create_Production_Endpoint" /></UnitTest><UnitTest name="Tests.SDK.Core.BaseClientTests.Should_Setup_Test_Endpoint" storage="c:\code\huk-dotnet-sdk\test\bin\debug\netcoreapp2.1\hachette.api.sdk.tests.dll" id="515bb01e-f74d-460d-a82b-492295e833f9"><Execution id="9106aaa9-3f36-470e-8118-5ccecb466f28" /><TestMethod codeBase="c:\code\huk-dotnet-sdk\test\bin\Debug\netcoreapp2.1\Hachette.API.SDK.Tests.dll" adapterTypeName="executor://xunit/VsTestRunner2/netcoreapp" className="Tests.SDK.Core.BaseClientTests" name="Tests.SDK.Core.BaseClientTests.Should_Setup_Test_Endpoint" /></UnitTest><UnitTest name="Tests.SDK.BuildQueryStringUnitTests.Should_Flatten_Division_And_Imprints_To_QueryString" storage="c:\code\huk-dotnet-sdk\test\bin\debug\netcoreapp2.1\hachette.api.sdk.tests.dll" id="6995aaf9-7bc7-4654-babe-b19d615db8ff"><Execution id="19b3fe51-d510-4bbc-8bfe-e74494c657bc" /><TestMethod codeBase="c:\code\huk-dotnet-sdk\test\bin\Debug\netcoreapp2.1\Hachette.API.SDK.Tests.dll" adapterTypeName="executor://xunit/VsTestRunner2/netcoreapp" className="Tests.SDK.BuildQueryStringUnitTests" name="Tests.SDK.BuildQueryStringUnitTests.Should_Flatten_Division_And_Imprints_To_QueryString" /></UnitTest><UnitTest name="Tests.SDK.ValidationUnitTests.Enum_Should_Equal_Orion_Value" storage="c:\code\huk-dotnet-sdk\test\bin\debug\netcoreapp2.1\hachette.api.sdk.tests.dll" id="575e4df1-d57c-46ce-8bb3-b9328e49160b"><Execution id="ef60765c-517a-43a2-8981-8a6aa437b5d4" /><TestMethod codeBase="c:\code\huk-dotnet-sdk\test\bin\Debug\netcoreapp2.1\Hachette.API.SDK.Tests.dll" adapterTypeName="executor://xunit/VsTestRunner2/netcoreapp" className="Tests.SDK.ValidationUnitTests" name="Tests.SDK.ValidationUnitTests.Enum_Should_Equal_Orion_Value" /></UnitTest><UnitTest name="Tests.SDK.CommonParameterUnitTests.Imprint_Should_Not_Be_Added_Because_It_Is_A_Duplicate" storage="c:\code\huk-dotnet-sdk\test\bin\debug\netcoreapp2.1\hachette.api.sdk.tests.dll" id="b434c9c7-84a3-4151-9017-b83c5cb6f4c5"><Execution id="86a35d1a-9a9b-40b1-a9c7-04b9919ba7e8" /><TestMethod codeBase="c:\code\huk-dotnet-sdk\test\bin\Debug\netcoreapp2.1\Hachette.API.SDK.Tests.dll" adapterTypeName="executor://xunit/VsTestRunner2/netcoreapp" className="Tests.SDK.CommonParameterUnitTests" name="Tests.SDK.CommonParameterUnitTests.Imprint_Should_Not_Be_Added_Because_It_Is_A_Duplicate" /></UnitTest><UnitTest name="Tests.SDK.DI.EnvironmentVariableTests.Should_Get_Production" storage="c:\code\huk-dotnet-sdk\test\bin\debug\netcoreapp2.1\hachette.api.sdk.tests.dll" id="a3924d8e-9aa9-4c67-a3a9-cf22945ba095"><Execution id="a41c598b-711c-465b-98fd-a3cf0a51aa8f" /><TestMethod codeBase="c:\code\huk-dotnet-sdk\test\bin\Debug\netcoreapp2.1\Hachette.API.SDK.Tests.dll" adapterTypeName="executor://xunit/VsTestRunner2/netcoreapp" className="Tests.SDK.DI.EnvironmentVariableTests" name="Tests.SDK.DI.EnvironmentVariableTests.Should_Get_Production" /></UnitTest><UnitTest name="Tests.SDK.ValidationUnitTests.Validation_Should_Fail_For_Imprint" storage="c:\code\huk-dotnet-sdk\test\bin\debug\netcoreapp2.1\hachette.api.sdk.tests.dll" id="96baf19b-bb6b-4d1e-a161-7fe9d853f636"><Execution id="4362a03a-9570-41cc-8f6a-9e419f8c9208" /><TestMethod codeBase="c:\code\huk-dotnet-sdk\test\bin\Debug\netcoreapp2.1\Hachette.API.SDK.Tests.dll" adapterTypeName="executor://xunit/VsTestRunner2/netcoreapp" className="Tests.SDK.ValidationUnitTests" name="Tests.SDK.ValidationUnitTests.Validation_Should_Fail_For_Imprint" /></UnitTest><UnitTest name="Tests.SDK.ValidationUnitTests.Enum_Should_Equal_WandN_Value" storage="c:\code\huk-dotnet-sdk\test\bin\debug\netcoreapp2.1\hachette.api.sdk.tests.dll" id="ec6e10aa-2ee5-442d-842f-f1de001d559f"><Execution id="5f45833f-eaf7-44b9-bebf-633d86839876" /><TestMethod codeBase="c:\code\huk-dotnet-sdk\test\bin\Debug\netcoreapp2.1\Hachette.API.SDK.Tests.dll" adapterTypeName="executor://xunit/VsTestRunner2/netcoreapp" className="Tests.SDK.ValidationUnitTests" name="Tests.SDK.ValidationUnitTests.Enum_Should_Equal_WandN_Value" /></UnitTest><UnitTest name="Tests.SDK.CommonParameterUnitTests.Should_Fail_On_Empty_Imprint" storage="c:\code\huk-dotnet-sdk\test\bin\debug\netcoreapp2.1\hachette.api.sdk.tests.dll" id="0b949459-f68a-4be2-9b8c-8197157976a4"><Execution id="0c29c1db-7e82-423a-aa62-fe71b7dc5fa7" /><TestMethod codeBase="c:\code\huk-dotnet-sdk\test\bin\Debug\netcoreapp2.1\Hachette.API.SDK.Tests.dll" adapterTypeName="executor://xunit/VsTestRunner2/netcoreapp" className="Tests.SDK.CommonParameterUnitTests" name="Tests.SDK.CommonParameterUnitTests.Should_Fail_On_Empty_Imprint" /></UnitTest><UnitTest name="Tests.SDK.CommonParameterUnitTests.Division_Should_Not_Be_Added_Because_It_Is_A_Duplicate" storage="c:\code\huk-dotnet-sdk\test\bin\debug\netcoreapp2.1\hachette.api.sdk.tests.dll" id="2f97387a-cefa-4de1-be75-2f138a693197"><Execution id="1968657c-507d-4afc-90c5-e3635220e6a7" /><TestMethod codeBase="c:\code\huk-dotnet-sdk\test\bin\Debug\netcoreapp2.1\Hachette.API.SDK.Tests.dll" adapterTypeName="executor://xunit/VsTestRunner2/netcoreapp" className="Tests.SDK.CommonParameterUnitTests" name="Tests.SDK.CommonParameterUnitTests.Division_Should_Not_Be_Added_Because_It_Is_A_Duplicate" /></UnitTest><UnitTest name="Tests.SDK.APIClientTests.Test_GetAsync" storage="c:\code\huk-dotnet-sdk\test\bin\debug\netcoreapp2.1\hachette.api.sdk.tests.dll" id="37c6e52d-8da0-409c-8e24-1a1e42f83234"><Execution id="3ca11b60-1762-47ef-9847-9a3e6a2c0d52" /><TestMethod codeBase="c:\code\huk-dotnet-sdk\test\bin\Debug\netcoreapp2.1\Hachette.API.SDK.Tests.dll" adapterTypeName="executor://xunit/VsTestRunner2/netcoreapp" className="Tests.SDK.APIClientTests" name="Tests.SDK.APIClientTests.Test_GetAsync" /></UnitTest><UnitTest name="Tests.SDK.ValidationUnitTests.Enum_Should_Equal_Gollancz_Value" storage="c:\code\huk-dotnet-sdk\test\bin\debug\netcoreapp2.1\hachette.api.sdk.tests.dll" id="a97f8080-1db8-44bb-b16f-d38535719254"><Execution id="fcb0cb18-8cf7-458b-ad60-ed5f17535beb" /><TestMethod codeBase="c:\code\huk-dotnet-sdk\test\bin\Debug\netcoreapp2.1\Hachette.API.SDK.Tests.dll" adapterTypeName="executor://xunit/VsTestRunner2/netcoreapp" className="Tests.SDK.ValidationUnitTests" name="Tests.SDK.ValidationUnitTests.Enum_Should_Equal_Gollancz_Value" /></UnitTest><UnitTest name="Tests.SDK.DI.EndpointFactoryTests.Should_Create_Test_Endpoint_When_Type_Is_Blank" storage="c:\code\huk-dotnet-sdk\test\bin\debug\netcoreapp2.1\hachette.api.sdk.tests.dll" id="3fba6b6b-a329-4e7b-af53-6a9811f2ff2a"><Execution id="8836ed7a-d43b-46de-8806-7147e5f53c09" /><TestMethod codeBase="c:\code\huk-dotnet-sdk\test\bin\Debug\netcoreapp2.1\Hachette.API.SDK.Tests.dll" adapterTypeName="executor://xunit/VsTestRunner2/netcoreapp" className="Tests.SDK.DI.EndpointFactoryTests" name="Tests.SDK.DI.EndpointFactoryTests.Should_Create_Test_Endpoint_When_Type_Is_Blank" /></UnitTest><UnitTest name="Tests.Utilities.TrashTests.Should_Throw_Null_On_CommonParameters" storage="c:\code\huk-dotnet-sdk\test\bin\debug\netcoreapp2.1\hachette.api.sdk.tests.dll" id="2e1538f9-5f88-4b05-a11d-ed8da6ef0b4c"><Execution id="0fec1342-08ac-4206-881a-c80b6478dce5" /><TestMethod codeBase="c:\code\huk-dotnet-sdk\test\bin\Debug\netcoreapp2.1\Hachette.API.SDK.Tests.dll" adapterTypeName="executor://xunit/VsTestRunner2/netcoreapp" className="Tests.Utilities.TrashTests" name="Tests.Utilities.TrashTests.Should_Throw_Null_On_CommonParameters" /></UnitTest><UnitTest name="Tests.Utilities.TrashTests.Should_Throw_InvalidOperation_As_All_2_Are_Null" storage="c:\code\huk-dotnet-sdk\test\bin\debug\netcoreapp2.1\hachette.api.sdk.tests.dll" id="e1691514-09a3-404c-afdf-6df99243a4af"><Execution id="a952d5f5-e1ea-4874-a132-6dfad48b31ef" /><TestMethod codeBase="c:\code\huk-dotnet-sdk\test\bin\Debug\netcoreapp2.1\Hachette.API.SDK.Tests.dll" adapterTypeName="executor://xunit/VsTestRunner2/netcoreapp" className="Tests.Utilities.TrashTests" name="Tests.Utilities.TrashTests.Should_Throw_InvalidOperation_As_All_2_Are_Null" /></UnitTest><UnitTest name="Tests.SDK.CommonParameterUnitTests.Should_Remove_Division" storage="c:\code\huk-dotnet-sdk\test\bin\debug\netcoreapp2.1\hachette.api.sdk.tests.dll" id="14e56c62-fcf0-4d42-9e58-85dd109a068a"><Execution id="735f64e0-7976-461a-8831-bff5b671cc57" /><TestMethod codeBase="c:\code\huk-dotnet-sdk\test\bin\Debug\netcoreapp2.1\Hachette.API.SDK.Tests.dll" adapterTypeName="executor://xunit/VsTestRunner2/netcoreapp" className="Tests.SDK.CommonParameterUnitTests" name="Tests.SDK.CommonParameterUnitTests.Should_Remove_Division" /></UnitTest><UnitTest name="Tests.SDK.BuildQueryStringUnitTests.Should_Flatten_Multiple_Divisions_To_QueryString" storage="c:\code\huk-dotnet-sdk\test\bin\debug\netcoreapp2.1\hachette.api.sdk.tests.dll" id="6a32fc99-b1ef-4c95-8aaf-32538004db25"><Execution id="d75d8b46-1871-4622-8069-e3ed1a8167a0" /><TestMethod codeBase="c:\code\huk-dotnet-sdk\test\bin\Debug\netcoreapp2.1\Hachette.API.SDK.Tests.dll" adapterTypeName="executor://xunit/VsTestRunner2/netcoreapp" className="Tests.SDK.BuildQueryStringUnitTests" name="Tests.SDK.BuildQueryStringUnitTests.Should_Flatten_Multiple_Divisions_To_QueryString" /></UnitTest><UnitTest name="Tests.SDK.CommonParameterUnitTests.Division_Should_Be_Added" storage="c:\code\huk-dotnet-sdk\test\bin\debug\netcoreapp2.1\hachette.api.sdk.tests.dll" id="b08b6884-2d92-471f-91ee-364cbac5d2a9"><Execution id="4f0dc0b1-dd2c-4a5f-bc77-e49f7b3d3eaa" /><TestMethod codeBase="c:\code\huk-dotnet-sdk\test\bin\Debug\netcoreapp2.1\Hachette.API.SDK.Tests.dll" adapterTypeName="executor://xunit/VsTestRunner2/netcoreapp" className="Tests.SDK.CommonParameterUnitTests" name="Tests.SDK.CommonParameterUnitTests.Division_Should_Be_Added" /></UnitTest><UnitTest name="Tests.Utilities.TrashTests.Should_Throw_Null_On_String" storage="c:\code\huk-dotnet-sdk\test\bin\debug\netcoreapp2.1\hachette.api.sdk.tests.dll" id="eca65f62-7b41-4180-aa59-fde3122def6d"><Execution id="9ba9449e-af7b-4009-bbdd-5c8eeb58cecd" /><TestMethod codeBase="c:\code\huk-dotnet-sdk\test\bin\Debug\netcoreapp2.1\Hachette.API.SDK.Tests.dll" adapterTypeName="executor://xunit/VsTestRunner2/netcoreapp" className="Tests.Utilities.TrashTests" name="Tests.Utilities.TrashTests.Should_Throw_Null_On_String" /></UnitTest><UnitTest name="Tests.SDK.DI.EnvironmentVariableTests.Should_Get_Test" storage="c:\code\huk-dotnet-sdk\test\bin\debug\netcoreapp2.1\hachette.api.sdk.tests.dll" id="06a183b1-2e20-4758-9151-a2f30f17ecc3"><Execution id="d667d70f-36f8-4a96-b5a0-87af959d2055" /><TestMethod codeBase="c:\code\huk-dotnet-sdk\test\bin\Debug\netcoreapp2.1\Hachette.API.SDK.Tests.dll" adapterTypeName="executor://xunit/VsTestRunner2/netcoreapp" className="Tests.SDK.DI.EnvironmentVariableTests" name="Tests.SDK.DI.EnvironmentVariableTests.Should_Get_Test" /></UnitTest><UnitTest name="Tests.SDK.ValidationUnitTests.Should_Validate_WandN_1" storage="c:\code\huk-dotnet-sdk\test\bin\debug\netcoreapp2.1\hachette.api.sdk.tests.dll" id="37fcd1b9-12b3-42a7-8374-3f7be9737fe8"><Execution id="f5d4c926-5a38-4b07-bc11-160f5a62f3c4" /><TestMethod codeBase="c:\code\huk-dotnet-sdk\test\bin\Debug\netcoreapp2.1\Hachette.API.SDK.Tests.dll" adapterTypeName="executor://xunit/VsTestRunner2/netcoreapp" className="Tests.SDK.ValidationUnitTests" name="Tests.SDK.ValidationUnitTests.Should_Validate_WandN_1" /></UnitTest><UnitTest name="Tests.Utilities.TrashTests.Should_Throw_InvalidOperation_As_All_3_Are_Null" storage="c:\code\huk-dotnet-sdk\test\bin\debug\netcoreapp2.1\hachette.api.sdk.tests.dll" id="aab8ae77-2603-47cd-8043-9d97d8538fdd"><Execution id="114b950b-8c3d-4172-bdf6-a4af007f3c0e" /><TestMethod codeBase="c:\code\huk-dotnet-sdk\test\bin\Debug\netcoreapp2.1\Hachette.API.SDK.Tests.dll" adapterTypeName="executor://xunit/VsTestRunner2/netcoreapp" className="Tests.Utilities.TrashTests" name="Tests.Utilities.TrashTests.Should_Throw_InvalidOperation_As_All_3_Are_Null" /></UnitTest><UnitTest name="Tests.SDK.ValidationUnitTests.Should_Validate_Gateway" storage="c:\code\huk-dotnet-sdk\test\bin\debug\netcoreapp2.1\hachette.api.sdk.tests.dll" id="e85c1ae7-db7a-4ea0-be0c-fac4eb58821a"><Execution id="6623c0c1-52db-48f7-b6de-13cd28715def" /><TestMethod codeBase="c:\code\huk-dotnet-sdk\test\bin\Debug\netcoreapp2.1\Hachette.API.SDK.Tests.dll" adapterTypeName="executor://xunit/VsTestRunner2/netcoreapp" className="Tests.SDK.ValidationUnitTests" name="Tests.SDK.ValidationUnitTests.Should_Validate_Gateway" /></UnitTest><UnitTest name="Tests.SDK.CommonParameterUnitTests.Should_Fail_On_Empty_Division" storage="c:\code\huk-dotnet-sdk\test\bin\debug\netcoreapp2.1\hachette.api.sdk.tests.dll" id="2575898f-89fe-48f2-8c95-62385a1c0cb0"><Execution id="38ae2837-4808-4a43-bb56-906bcd3bd3f6" /><TestMethod codeBase="c:\code\huk-dotnet-sdk\test\bin\Debug\netcoreapp2.1\Hachette.API.SDK.Tests.dll" adapterTypeName="executor://xunit/VsTestRunner2/netcoreapp" className="Tests.SDK.CommonParameterUnitTests" name="Tests.SDK.CommonParameterUnitTests.Should_Fail_On_Empty_Division" /></UnitTest><UnitTest name="Tests.SDK.BuildQueryStringUnitTests.Should_Flatten_Multiple_Imprints_To_QueryString" storage="c:\code\huk-dotnet-sdk\test\bin\debug\netcoreapp2.1\hachette.api.sdk.tests.dll" id="1890e636-50a2-4706-b50e-1af4cb16032f"><Execution id="67090916-3f9c-4959-b000-8bf1caf74f99" /><TestMethod codeBase="c:\code\huk-dotnet-sdk\test\bin\Debug\netcoreapp2.1\Hachette.API.SDK.Tests.dll" adapterTypeName="executor://xunit/VsTestRunner2/netcoreapp" className="Tests.SDK.BuildQueryStringUnitTests" name="Tests.SDK.BuildQueryStringUnitTests.Should_Flatten_Multiple_Imprints_To_QueryString" /></UnitTest><UnitTest name="Tests.SDK.ValidationUnitTests.Should_Validate_Gollancz" storage="c:\code\huk-dotnet-sdk\test\bin\debug\netcoreapp2.1\hachette.api.sdk.tests.dll" id="02316712-4367-46e9-9e71-3a4ff58338b3"><Execution id="fd28e279-ff48-4247-b3c0-99367023bc76" /><TestMethod codeBase="c:\code\huk-dotnet-sdk\test\bin\Debug\netcoreapp2.1\Hachette.API.SDK.Tests.dll" adapterTypeName="executor://xunit/VsTestRunner2/netcoreapp" className="Tests.SDK.ValidationUnitTests" name="Tests.SDK.ValidationUnitTests.Should_Validate_Gollancz" /></UnitTest><UnitTest name="Tests.SDK.ValidationUnitTests.Enum_Should_Equal_Gateway_Value" storage="c:\code\huk-dotnet-sdk\test\bin\debug\netcoreapp2.1\hachette.api.sdk.tests.dll" id="97272aba-b121-48ea-848b-1a9e53efeef2"><Execution id="634a90cd-5577-4784-a462-1de62dbe962e" /><TestMethod codeBase="c:\code\huk-dotnet-sdk\test\bin\Debug\netcoreapp2.1\Hachette.API.SDK.Tests.dll" adapterTypeName="executor://xunit/VsTestRunner2/netcoreapp" className="Tests.SDK.ValidationUnitTests" name="Tests.SDK.ValidationUnitTests.Enum_Should_Equal_Gateway_Value" /></UnitTest><UnitTest name="Tests.Utilities.TrashTests.Should_Not_Throw_Null_On_String" storage="c:\code\huk-dotnet-sdk\test\bin\debug\netcoreapp2.1\hachette.api.sdk.tests.dll" id="3fb006b2-8f3f-43bc-a058-c2c82decf80b"><Execution id="a8dfb966-1adf-4c18-9b14-efca953805b2" /><TestMethod codeBase="c:\code\huk-dotnet-sdk\test\bin\Debug\netcoreapp2.1\Hachette.API.SDK.Tests.dll" adapterTypeName="executor://xunit/VsTestRunner2/netcoreapp" className="Tests.Utilities.TrashTests" name="Tests.Utilities.TrashTests.Should_Not_Throw_Null_On_String" /></UnitTest><UnitTest name="Tests.SDK.ValidationUnitTests.Should_Validate_Orion" storage="c:\code\huk-dotnet-sdk\test\bin\debug\netcoreapp2.1\hachette.api.sdk.tests.dll" id="a0429ebb-8984-42bf-af36-8fa3bee0d837"><Execution id="9aa1edfc-1e73-497f-bf6c-b9e2c38973ab" /><TestMethod codeBase="c:\code\huk-dotnet-sdk\test\bin\Debug\netcoreapp2.1\Hachette.API.SDK.Tests.dll" adapterTypeName="executor://xunit/VsTestRunner2/netcoreapp" className="Tests.SDK.ValidationUnitTests" name="Tests.SDK.ValidationUnitTests.Should_Validate_Orion" /></UnitTest><UnitTest name="Tests.SDK.APIClientTests.Should_Return_Product_With_Url_With_Parameters" storage="c:\code\huk-dotnet-sdk\test\bin\debug\netcoreapp2.1\hachette.api.sdk.tests.dll" id="728f7edf-9a3d-43b4-8f63-17361d9d229f"><Execution id="26a67aa8-fd37-4c5c-988e-12d1d26695b1" /><TestMethod codeBase="c:\code\huk-dotnet-sdk\test\bin\Debug\netcoreapp2.1\Hachette.API.SDK.Tests.dll" adapterTypeName="executor://xunit/VsTestRunner2/netcoreapp" className="Tests.SDK.APIClientTests" name="Tests.SDK.APIClientTests.Should_Return_Product_With_Url_With_Parameters" /></UnitTest><UnitTest name="Tests.SDK.BuildQueryStringUnitTests.Should_Flatten_Imprint_To_QueryString" storage="c:\code\huk-dotnet-sdk\test\bin\debug\netcoreapp2.1\hachette.api.sdk.tests.dll" id="d54f6ee2-46a2-470d-97b7-2cfd8e573119"><Execution id="45a659ee-73ae-407e-85da-ae6350d7de8e" /><TestMethod codeBase="c:\code\huk-dotnet-sdk\test\bin\Debug\netcoreapp2.1\Hachette.API.SDK.Tests.dll" adapterTypeName="executor://xunit/VsTestRunner2/netcoreapp" className="Tests.SDK.BuildQueryStringUnitTests" name="Tests.SDK.BuildQueryStringUnitTests.Should_Flatten_Imprint_To_QueryString" /></UnitTest><UnitTest name="Tests.Utilities.TrashTests.Should_Not_Throw_InvalidOperation_As_2_Is_Not_Null" storage="c:\code\huk-dotnet-sdk\test\bin\debug\netcoreapp2.1\hachette.api.sdk.tests.dll" id="468b9495-d51d-4a1c-b231-5388553f2277"><Execution id="da681385-bc20-43ab-b5a9-12478f589d78" /><TestMethod codeBase="c:\code\huk-dotnet-sdk\test\bin\Debug\netcoreapp2.1\Hachette.API.SDK.Tests.dll" adapterTypeName="executor://xunit/VsTestRunner2/netcoreapp" className="Tests.Utilities.TrashTests" name="Tests.Utilities.TrashTests.Should_Not_Throw_InvalidOperation_As_2_Is_Not_Null" /></UnitTest><UnitTest name="Tests.SDK.CommonParameterUnitTests.Imprint_Should_Be_Added" storage="c:\code\huk-dotnet-sdk\test\bin\debug\netcoreapp2.1\hachette.api.sdk.tests.dll" id="55be6af0-6b44-4946-b389-e48a7e8ccb29"><Execution id="c88c5bdd-dd4a-46ac-a52f-f3ef737cedca" /><TestMethod codeBase="c:\code\huk-dotnet-sdk\test\bin\Debug\netcoreapp2.1\Hachette.API.SDK.Tests.dll" adapterTypeName="executor://xunit/VsTestRunner2/netcoreapp" className="Tests.SDK.CommonParameterUnitTests" name="Tests.SDK.CommonParameterUnitTests.Imprint_Should_Be_Added" /></UnitTest></TestDefinitions><TestEntries><TestEntry testId="3fba6b6b-a329-4e7b-af53-6a9811f2ff2a" executionId="8836ed7a-d43b-46de-8806-7147e5f53c09" testListId="8c84fa94-04c1-424b-9868-57a2d4851a1d" /><TestEntry testId="99400be5-b578-41d6-a7d2-4c06891f67ba" executionId="a9dfb497-d897-41d2-a016-f660ee2ac1e0" testListId="8c84fa94-04c1-424b-9868-57a2d4851a1d" /><TestEntry testId="3fb006b2-8f3f-43bc-a058-c2c82decf80b" executionId="a8dfb966-1adf-4c18-9b14-efca953805b2" testListId="8c84fa94-04c1-424b-9868-57a2d4851a1d" /><TestEntry testId="d54f6ee2-46a2-470d-97b7-2cfd8e573119" executionId="45a659ee-73ae-407e-85da-ae6350d7de8e" testListId="8c84fa94-04c1-424b-9868-57a2d4851a1d" /><TestEntry testId="515bb01e-f74d-460d-a82b-492295e833f9" executionId="9106aaa9-3f36-470e-8118-5ccecb466f28" testListId="8c84fa94-04c1-424b-9868-57a2d4851a1d" /><TestEntry testId="02316712-4367-46e9-9e71-3a4ff58338b3" executionId="fd28e279-ff48-4247-b3c0-99367023bc76" testListId="8c84fa94-04c1-424b-9868-57a2d4851a1d" /><TestEntry testId="3fe2c841-d389-4564-9d47-7d35ca599066" executionId="1f64458e-412b-4efb-a5f0-0c6a782420d2" testListId="8c84fa94-04c1-424b-9868-57a2d4851a1d" /><TestEntry testId="575e4df1-d57c-46ce-8bb3-b9328e49160b" executionId="ef60765c-517a-43a2-8981-8a6aa437b5d4" testListId="8c84fa94-04c1-424b-9868-57a2d4851a1d" /><TestEntry testId="2575898f-89fe-48f2-8c95-62385a1c0cb0" executionId="38ae2837-4808-4a43-bb56-906bcd3bd3f6" testListId="8c84fa94-04c1-424b-9868-57a2d4851a1d" /><TestEntry testId="37c6e52d-8da0-409c-8e24-1a1e42f83234" executionId="3ca11b60-1762-47ef-9847-9a3e6a2c0d52" testListId="8c84fa94-04c1-424b-9868-57a2d4851a1d" /><TestEntry testId="e85c1ae7-db7a-4ea0-be0c-fac4eb58821a" executionId="6623c0c1-52db-48f7-b6de-13cd28715def" testListId="8c84fa94-04c1-424b-9868-57a2d4851a1d" /><TestEntry testId="6a32fc99-b1ef-4c95-8aaf-32538004db25" executionId="d75d8b46-1871-4622-8069-e3ed1a8167a0" testListId="8c84fa94-04c1-424b-9868-57a2d4851a1d" /><TestEntry testId="619dffed-bf78-4ffc-a8e8-f3c3844d4cff" executionId="896768cb-e433-4c2f-b3b1-487dc591eead" testListId="8c84fa94-04c1-424b-9868-57a2d4851a1d" /><TestEntry testId="96baf19b-bb6b-4d1e-a161-7fe9d853f636" executionId="4362a03a-9570-41cc-8f6a-9e419f8c9208" testListId="8c84fa94-04c1-424b-9868-57a2d4851a1d" /><TestEntry testId="a0429ebb-8984-42bf-af36-8fa3bee0d837" executionId="9aa1edfc-1e73-497f-bf6c-b9e2c38973ab" testListId="8c84fa94-04c1-424b-9868-57a2d4851a1d" /><TestEntry testId="a97f8080-1db8-44bb-b16f-d38535719254" executionId="fcb0cb18-8cf7-458b-ad60-ed5f17535beb" testListId="8c84fa94-04c1-424b-9868-57a2d4851a1d" /><TestEntry testId="eca65f62-7b41-4180-aa59-fde3122def6d" executionId="9ba9449e-af7b-4009-bbdd-5c8eeb58cecd" testListId="8c84fa94-04c1-424b-9868-57a2d4851a1d" /><TestEntry testId="37fcd1b9-12b3-42a7-8374-3f7be9737fe8" executionId="f5d4c926-5a38-4b07-bc11-160f5a62f3c4" testListId="8c84fa94-04c1-424b-9868-57a2d4851a1d" /><TestEntry testId="b434c9c7-84a3-4151-9017-b83c5cb6f4c5" executionId="86a35d1a-9a9b-40b1-a9c7-04b9919ba7e8" testListId="8c84fa94-04c1-424b-9868-57a2d4851a1d" /><TestEntry testId="f270f3cf-a107-4629-8c0c-c62457eef2b6" executionId="a385ac2e-0eda-467a-afd4-6c8baec902bf" testListId="8c84fa94-04c1-424b-9868-57a2d4851a1d" /><TestEntry testId="f07d7b4e-eec2-418c-b517-ce0a22bfbf52" executionId="bb7f9739-9353-47ac-bc36-c180bf3de60d" testListId="8c84fa94-04c1-424b-9868-57a2d4851a1d" /><TestEntry testId="aab8ae77-2603-47cd-8043-9d97d8538fdd" executionId="114b950b-8c3d-4172-bdf6-a4af007f3c0e" testListId="8c84fa94-04c1-424b-9868-57a2d4851a1d" /><TestEntry testId="b08b6884-2d92-471f-91ee-364cbac5d2a9" executionId="4f0dc0b1-dd2c-4a5f-bc77-e49f7b3d3eaa" testListId="8c84fa94-04c1-424b-9868-57a2d4851a1d" /><TestEntry testId="1890e636-50a2-4706-b50e-1af4cb16032f" executionId="67090916-3f9c-4959-b000-8bf1caf74f99" testListId="8c84fa94-04c1-424b-9868-57a2d4851a1d" /><TestEntry testId="7f79a56e-d516-4adf-86ea-b16cc3ef4514" executionId="dc30a96f-09df-4cea-b777-de9a30da6b27" testListId="8c84fa94-04c1-424b-9868-57a2d4851a1d" /><TestEntry testId="ec6e10aa-2ee5-442d-842f-f1de001d559f" executionId="5f45833f-eaf7-44b9-bebf-633d86839876" testListId="8c84fa94-04c1-424b-9868-57a2d4851a1d" /><TestEntry testId="14e56c62-fcf0-4d42-9e58-85dd109a068a" executionId="735f64e0-7976-461a-8831-bff5b671cc57" testListId="8c84fa94-04c1-424b-9868-57a2d4851a1d" /><TestEntry testId="55be6af0-6b44-4946-b389-e48a7e8ccb29" executionId="c88c5bdd-dd4a-46ac-a52f-f3ef737cedca" testListId="8c84fa94-04c1-424b-9868-57a2d4851a1d" /><TestEntry testId="7147eaa7-4825-4edc-b300-7b82c98d3b47" executionId="9d157697-1068-47ae-a22b-25aa6d898d89" testListId="8c84fa94-04c1-424b-9868-57a2d4851a1d" /><TestEntry testId="0b949459-f68a-4be2-9b8c-8197157976a4" executionId="0c29c1db-7e82-423a-aa62-fe71b7dc5fa7" testListId="8c84fa94-04c1-424b-9868-57a2d4851a1d" /><TestEntry testId="e3fd9c2e-712b-4750-80d8-bc33042207b4" executionId="493b8604-26e8-488f-9b7d-ed16e8377166" testListId="8c84fa94-04c1-424b-9868-57a2d4851a1d" /><TestEntry testId="e1691514-09a3-404c-afdf-6df99243a4af" executionId="a952d5f5-e1ea-4874-a132-6dfad48b31ef" testListId="8c84fa94-04c1-424b-9868-57a2d4851a1d" /><TestEntry testId="bae13a42-28d7-4201-8cb8-222a666b04bc" executionId="a634473b-0cc1-42d2-961c-9afcf649b5b7" testListId="8c84fa94-04c1-424b-9868-57a2d4851a1d" /><TestEntry testId="97272aba-b121-48ea-848b-1a9e53efeef2" executionId="634a90cd-5577-4784-a462-1de62dbe962e" testListId="8c84fa94-04c1-424b-9868-57a2d4851a1d" /><TestEntry testId="a3924d8e-9aa9-4c67-a3a9-cf22945ba095" executionId="a41c598b-711c-465b-98fd-a3cf0a51aa8f" testListId="8c84fa94-04c1-424b-9868-57a2d4851a1d" /><TestEntry testId="2e1538f9-5f88-4b05-a11d-ed8da6ef0b4c" executionId="0fec1342-08ac-4206-881a-c80b6478dce5" testListId="8c84fa94-04c1-424b-9868-57a2d4851a1d" /><TestEntry testId="728f7edf-9a3d-43b4-8f63-17361d9d229f" executionId="26a67aa8-fd37-4c5c-988e-12d1d26695b1" testListId="8c84fa94-04c1-424b-9868-57a2d4851a1d" /><TestEntry testId="468b9495-d51d-4a1c-b231-5388553f2277" executionId="da681385-bc20-43ab-b5a9-12478f589d78" testListId="8c84fa94-04c1-424b-9868-57a2d4851a1d" /><TestEntry testId="2f97387a-cefa-4de1-be75-2f138a693197" executionId="1968657c-507d-4afc-90c5-e3635220e6a7" testListId="8c84fa94-04c1-424b-9868-57a2d4851a1d" /><TestEntry testId="2a0a46bd-e28c-4b8a-b819-1f970c1fe1a1" executionId="e706aa7b-876b-4885-8cbc-5c49230d6a27" testListId="8c84fa94-04c1-424b-9868-57a2d4851a1d" /><TestEntry testId="06a183b1-2e20-4758-9151-a2f30f17ecc3" executionId="d667d70f-36f8-4a96-b5a0-87af959d2055" testListId="8c84fa94-04c1-424b-9868-57a2d4851a1d" /><TestEntry testId="e2bc6b69-a4d7-412d-9331-b0e606b3e681" executionId="5a72fd4f-d319-4ad8-87c5-22aec9ef21d4" testListId="8c84fa94-04c1-424b-9868-57a2d4851a1d" /><TestEntry testId="6995aaf9-7bc7-4654-babe-b19d615db8ff" executionId="19b3fe51-d510-4bbc-8bfe-e74494c657bc" testListId="8c84fa94-04c1-424b-9868-57a2d4851a1d" /></TestEntries><TestLists><TestList name="Results Not in a List" id="8c84fa94-04c1-424b-9868-57a2d4851a1d" /><TestList name="All Loaded Results" id="19431567-8539-422a-85d7-44ee4e166bda" /></TestLists><ResultSummary outcome="Completed"><Counters total="43" executed="43" passed="43" failed="0" error="0" timeout="0" aborted="0" inconclusive="0" passedButRunAborted="0" notRunnable="0" notExecuted="0" disconnected="0" warning="0" completed="0" inProgress="0" pending="0" /><Output><StdOut>[xUnit.net 00:00:01.5970822]   Discovering: Hachette.API.SDK.Tests[xUnit.net 00:00:01.6555722]   Discovered:  Hachette.API.SDK.Tests[xUnit.net 00:00:01.6617472]   Starting:    Hachette.API.SDK.Tests[xUnit.net 00:00:02.6459184]   Finished:    Hachette.API.SDK.Tests</StdOut></Output></ResultSummary></TestRun>